This is XeTeX, Version 3.14159265-2.6-0.99996 (TeX Live 2016/W32TeX) (preloaded format=xelatex 2017.3.16)  2 APR 2017 00:07
entering extended mode
 restricted \write18 enabled.
 %&-line parsing enabled.
**./greek-example.tex
(./greek-example.tex
LaTeX2e <2017/01/01> patch level 3
Babel <3.9r> and hyphenation patterns for 83 language(s) loaded.
(c:/texlive/2016/texmf-dist/tex/latex/base/report.cls
Document Class: report 2014/09/29 v1.4h Standard LaTeX document class
(c:/texlive/2016/texmf-dist/tex/latex/base/size12.clo
File: size12.clo 2014/09/29 v1.4h Standard LaTeX file (size option)
)
\c@part=\count79
\c@chapter=\count80
\c@section=\count81
\c@subsection=\count82
\c@subsubsection=\count83
\c@paragraph=\count84
\c@subparagraph=\count85
\c@figure=\count86
\c@table=\count87
\abovecaptionskip=\skip41
\belowcaptionskip=\skip42
\bibindent=\dimen102
)
(c:/texlive/2016/texmf-dist/tex/latex/geometry/geometry.sty
Package: geometry 2010/09/12 v5.6 Page Geometry

(c:/texlive/2016/texmf-dist/tex/latex/graphics/keyval.sty
Package: keyval 2014/10/28 v1.15 key=value parser (DPC)
\KV@toks@=\toks14
)
(c:/texlive/2016/texmf-dist/tex/generic/oberdiek/ifpdf.sty
Package: ifpdf 2016/05/14 v3.1 Provides the ifpdf switch
)
(c:/texlive/2016/texmf-dist/tex/generic/oberdiek/ifvtex.sty
Package: ifvtex 2016/05/16 v1.6 Detect VTeX and its facilities (HO)
Package ifvtex Info: VTeX not detected.
)
(c:/texlive/2016/texmf-dist/tex/generic/ifxetex/ifxetex.sty
Package: ifxetex 2010/09/12 v0.6 Provides ifxetex conditional
)
\Gm@cnth=\count88
\Gm@cntv=\count89
\c@Gm@tempcnt=\count90
\Gm@bindingoffset=\dimen103
\Gm@wd@mp=\dimen104
\Gm@odd@mp=\dimen105
\Gm@even@mp=\dimen106
\Gm@layoutwidth=\dimen107
\Gm@layoutheight=\dimen108
\Gm@layouthoffset=\dimen109
\Gm@layoutvoffset=\dimen110
\Gm@dimlist=\toks15
)
(c:/texlive/2016/texmf-dist/tex/xelatex/xgreek/xgreek.sty
File: xgreek.sty 2017/02/10 v3.0 Package `xgreek.sty'

Package `xgreek' version 3.0 by Apostolos Syropoulos
\@attic@num=\count91
)
(c:/texlive/2016/texmf-dist/tex/latex/fontspec/fontspec.sty
(c:/texlive/2016/texmf-dist/tex/latex/l3kernel/expl3.sty
Package: expl3 2017/03/11 v6988 L3 programming layer (loader) 

(c:/texlive/2016/texmf-dist/tex/latex/l3kernel/expl3-code.tex
Package: expl3 2017/03/11 v6988 L3 programming layer (code)
L3 Module: l3bootstrap 2016/12/28 v6805 L3 Bootstrap code
L3 Module: l3names 2017/02/19 v6962 L3 Namespace for primitives
L3 Module: l3basics 2017/02/14 v6929 L3 Basic definitions
L3 Module: l3expan 2017/02/20 v6967 L3 Argument expansion
L3 Module: l3tl 2017/02/20 v6967 L3 Token lists
L3 Module: l3str 2017/02/20 v6967 L3 Strings
L3 Module: l3seq 2017/02/20 v6967 L3 Sequences and stacks
L3 Module: l3int 2017/02/18 v6949 L3 Integers
\c_max_int=\count92
\l_tmpa_int=\count93
\l_tmpb_int=\count94
\g_tmpa_int=\count95
\g_tmpb_int=\count96
L3 Module: l3flag 2017/02/20 v6969 L3 Flags
L3 Module: l3quark 2017/02/17 v6947 L3 Quarks
L3 Module: l3prg 2017/02/12 v6906 L3 Control structures
\g__prg_map_int=\count97
L3 Module: l3clist 2017/02/20 v6967 L3 Comma separated lists
L3 Module: l3token 2017/02/20 v6967 L3 Experimental token manipulation
L3 Module: l3prop 2017/02/12 v6906 L3 Property lists
L3 Module: l3msg 2017/02/20 v6966 L3 Messages
L3 Module: l3file 2017/02/20 v6964 L3 File and I/O operations
\c_log_iow=\count98
\l_iow_line_count_int=\count99
\l__iow_line_target_int=\count100
\l__iow_one_indent_int=\count101
\l__iow_indent_int=\count102
L3 Module: l3skip 2017/02/20 v6968 L3 Dimensions and skips
\c_zero_dim=\dimen111
\c_max_dim=\dimen112
\l_tmpa_dim=\dimen113
\l_tmpb_dim=\dimen114
\g_tmpa_dim=\dimen115
\g_tmpb_dim=\dimen116
\c_zero_skip=\skip43
\c_max_skip=\skip44
\l_tmpa_skip=\skip45
\l_tmpb_skip=\skip46
\g_tmpa_skip=\skip47
\g_tmpb_skip=\skip48
\c_zero_muskip=\muskip10
\c_max_muskip=\muskip11
\l_tmpa_muskip=\muskip12
\l_tmpb_muskip=\muskip13
\g_tmpa_muskip=\muskip14
\g_tmpb_muskip=\muskip15
L3 Module: l3keys 2017/02/12 v6906 L3 Key-value interfaces
\l_keys_choice_int=\count103
L3 Module: l3fp 2017/03/11 v6987 L3 Floating points
\c__fp_leading_shift_int=\count104
\c__fp_middle_shift_int=\count105
\c__fp_trailing_shift_int=\count106
\c__fp_big_leading_shift_int=\count107
\c__fp_big_middle_shift_int=\count108
\c__fp_big_trailing_shift_int=\count109
\c__fp_Bigg_leading_shift_int=\count110
\c__fp_Bigg_middle_shift_int=\count111
\c__fp_Bigg_trailing_shift_int=\count112
L3 Module: l3sort 2017/02/20 v6967 L3 Sorting functions
\l__sort_length_int=\count113
\l__sort_min_int=\count114
\l__sort_top_int=\count115
\l__sort_max_int=\count116
\l__sort_true_max_int=\count117
\l__sort_block_int=\count118
\l__sort_begin_int=\count119
\l__sort_end_int=\count120
\l__sort_A_int=\count121
\l__sort_B_int=\count122
\l__sort_C_int=\count123
L3 Module: l3box 2017/02/17 v6943 L3 Experimental boxes
\c_empty_box=\box26
\l_tmpa_box=\box27
\l_tmpb_box=\box28
\g_tmpa_box=\box29
\g_tmpb_box=\box30
L3 Module: l3coffins 2017/02/12 v6906 L3 Coffin code layer
\l__coffin_internal_box=\box31
\l__coffin_internal_dim=\dimen117
\l__coffin_offset_x_dim=\dimen118
\l__coffin_offset_y_dim=\dimen119
\l__coffin_x_dim=\dimen120
\l__coffin_y_dim=\dimen121
\l__coffin_x_prime_dim=\dimen122
\l__coffin_y_prime_dim=\dimen123
\c_empty_coffin=\box32
\l__coffin_aligned_coffin=\box33
\l__coffin_aligned_internal_coffin=\box34
\l_tmpa_coffin=\box35
\l_tmpb_coffin=\box36
\l__coffin_display_coffin=\box37
\l__coffin_display_coord_coffin=\box38
\l__coffin_display_pole_coffin=\box39
\l__coffin_display_offset_dim=\dimen124
\l__coffin_display_x_dim=\dimen125
\l__coffin_display_y_dim=\dimen126
L3 Module: l3color 2016/12/28 v6805 L3 Experimental color support
L3 Module: l3sys 2017/02/22 v6976 L3 Experimental system/runtime functions
L3 Module: l3deprecation 2017/02/20 v6966 L3 Deprecation errors
L3 Module: l3candidates 2017/02/20 v6967 L3 Experimental additions to l3kernel
\l__box_top_dim=\dimen127
\l__box_bottom_dim=\dimen128
\l__box_left_dim=\dimen129
\l__box_right_dim=\dimen130
\l__box_top_new_dim=\dimen131
\l__box_bottom_new_dim=\dimen132
\l__box_left_new_dim=\dimen133
\l__box_right_new_dim=\dimen134
\l__box_internal_box=\box40
\l__coffin_bounding_shift_dim=\dimen135
\l__coffin_left_corner_dim=\dimen136
\l__coffin_right_corner_dim=\dimen137
\l__coffin_bottom_corner_dim=\dimen138
\l__coffin_top_corner_dim=\dimen139
\l__coffin_scaled_total_height_dim=\dimen140
\l__coffin_scaled_width_dim=\dimen141
L3 Module: l3luatex 2017/02/18 v6953 L3 Experimental LuaTeX-specific functions
)
(c:/texlive/2016/texmf-dist/tex/latex/l3kernel/l3xdvipdfmx.def
File: l3xdvidpfmx.def 2017/02/18 v6953 L3 Experimental driver: xdvipdfmx
\l__driver_tmp_box=\box41
))
(c:/texlive/2016/texmf-dist/tex/latex/l3packages/xparse/xparse.sty
Package: xparse 2017/03/11 v6988 L3 Experimental document command parser
\l__xparse_current_arg_int=\count124
\g__xparse_grabber_int=\count125
\l__xparse_m_args_int=\count126
\l__xparse_mandatory_args_int=\count127
\l__xparse_v_nesting_int=\count128
)
Package: fontspec 2017/02/12 v2.6 Font selection for XeLaTeX and LuaLaTeX

(c:/texlive/2016/texmf-dist/tex/latex/fontspec/fontspec-xetex.sty
Package: fontspec-xetex 2017/02/12 v2.6 Font selection for XeLaTeX and LuaLaTeX

\l__fontspec_script_int=\count129
\l__fontspec_language_int=\count130
\l__fontspec_strnum_int=\count131
\l__fontspec_tmp_int=\count132
\l__fontspec_em_int=\count133
\l__fontspec_emdef_int=\count134
\l__fontspec_strong_int=\count135
\l__fontspec_strongdef_int=\count136
\l__fontspec_tmpa_dim=\dimen142
\l__fontspec_tmpb_dim=\dimen143
\l__fontspec_tmpc_dim=\dimen144
\g__file_internal_ior=\read1

(c:/texlive/2016/texmf-dist/tex/latex/base/fontenc.sty
Package: fontenc 2017/02/22 v2.0g Standard LaTeX package

(c:/texlive/2016/texmf-dist/tex/latex/base/tuenc.def
File: tuenc.def 2017/02/22 v2.0g Standard LaTeX file
LaTeX Font Info:    Redeclaring font encoding TU on input line 82.
))
.................................................
. LaTeX info: "xparse/define-command"
. 
. Defining command \fontspec with sig. 'O{}mO{}' on line 475.
.................................................
.................................................
. LaTeX info: "xparse/define-command"
. 
. Defining command \setmainfont with sig. 'O{}mO{}' on line 491.
.................................................
.................................................
. LaTeX info: "xparse/define-command"
. 
. Defining command \setsansfont with sig. 'O{}mO{}' on line 507.
.................................................
.................................................
. LaTeX info: "xparse/define-command"
. 
. Defining command \setmonofont with sig. 'O{}mO{}' on line 523.
.................................................
.................................................
. LaTeX info: "xparse/define-command"
. 
. Defining command \setmathrm with sig. 'O{}mO{}' on line 528.
.................................................
.................................................
. LaTeX info: "xparse/define-command"
. 
. Defining command \setboldmathrm with sig. 'O{}mO{}' on line 533.
.................................................
.................................................
. LaTeX info: "xparse/define-command"
. 
. Defining command \setmathsf with sig. 'O{}mO{}' on line 538.
.................................................
.................................................
. LaTeX info: "xparse/define-command"
. 
. Defining command \setmathtt with sig. 'O{}mO{}' on line 543.
.................................................
.................................................
. LaTeX info: "xparse/define-command"
. 
. Defining command \newfontfamily with sig. 'mO{}mO{}' on line 563.
.................................................
.................................................
. LaTeX info: "xparse/define-command"
. 
. Defining command \newfontface with sig. 'mO{}mO{}' on line 567.
.................................................
.................................................
. LaTeX info: "xparse/define-command"
. 
. Defining command \defaultfontfeatures with sig. 't+om' on line 574.
.................................................
.................................................
. LaTeX info: "xparse/define-command"
. 
. Defining command \addfontfeatures with sig. 'm' on line 623.
.................................................
.................................................
. LaTeX info: "xparse/define-command"
. 
. Defining command \newfontfeature with sig. 'mm' on line 634.
.................................................
.................................................
. LaTeX info: "xparse/define-command"
. 
. Defining command \newAATfeature with sig. 'mmmm' on line 642.
.................................................
.................................................
. LaTeX info: "xparse/define-command"
. 
. Defining command \newopentypefeature with sig. 'mmm' on line 652.
.................................................
.................................................
. LaTeX info: "xparse/define-command"
. 
. Defining command \aliasfontfeature with sig. 'mm' on line 675.
.................................................
.................................................
. LaTeX info: "xparse/define-command"
. 
. Defining command \aliasfontfeatureoption with sig. 'mmm' on line 692.
.................................................
.................................................
. LaTeX info: "xparse/define-command"
. 
. Defining command \newfontscript with sig. 'mm' on line 696.
.................................................
.................................................
. LaTeX info: "xparse/define-command"
. 
. Defining command \newfontlanguage with sig. 'mm' on line 700.
.................................................
.................................................
. LaTeX info: "xparse/define-command"
. 
. Defining command \DeclareFontsExtensions with sig. 'm' on line 705.
.................................................
.................................................
. LaTeX info: "xparse/define-command"
. 
. Defining command \IfFontFeatureActiveTF with sig. 'mmm' on line 711.
.................................................
.................................................
. LaTeX info: "xparse/define-command"
. 
. Defining command \EncodingCommand with sig. 'mO{}m' on line 3338.
.................................................
.................................................
. LaTeX info: "xparse/define-command"
. 
. Defining command \EncodingAccent with sig. 'mm' on line 3344.
.................................................
.................................................
. LaTeX info: "xparse/define-command"
. 
. Defining command \EncodingSymbol with sig. 'mm' on line 3350.
.................................................
.................................................
. LaTeX info: "xparse/define-command"
. 
. Defining command \EncodingComposite with sig. 'mmm' on line 3356.
.................................................
.................................................
. LaTeX info: "xparse/define-command"
. 
. Defining command \EncodingCompositeCommand with sig. 'mmm' on line 3362.
.................................................
.................................................
. LaTeX info: "xparse/define-command"
. 
. Defining command \DeclareUnicodeEncoding with sig. 'mm' on line 3387.
.................................................
.................................................
. LaTeX info: "xparse/define-command"
. 
. Defining command \UndeclareSymbol with sig. 'm' on line 3393.
.................................................
.................................................
. LaTeX info: "xparse/define-command"
. 
. Defining command \UndeclareComposite with sig. 'mm' on line 3401.
.................................................

(c:/texlive/2016/texmf-dist/tex/latex/fontspec/fontspec.cfg)
LaTeX Info: Redefining \itshape on input line 3586.
LaTeX Info: Redefining \slshape on input line 3591.
LaTeX Info: Redefining \scshape on input line 3596.
LaTeX Info: Redefining \upshape on input line 3601.
LaTeX Info: Redefining \em on input line 3631.
LaTeX Info: Redefining \emph on input line 3656.
LaTeX Info: Redefining \- on input line 3707.
.................................................
. LaTeX info: "xparse/redefine-command"
. 
. Redefining command \oldstylenums with sig. 'm' on line 3802.
.................................................
.................................................
. LaTeX info: "xparse/define-command"
. 
. Defining command \liningnums with sig. 'm' on line 3806.
.................................................
))

!!!!!!!!!!!!!!!!!!!!!!!!!!!!!!!!!!!!!!!!!!!!!!!!
!
! fontspec error: "font-not-found"
! 
! The font "PFD Minion" cannot be found.
! 
! See the fontspec documentation for further information.
! 
! For immediate help type H <return>.
!...............................................  
                                                  
l.12 ]{PFD Minion}
                  
|'''''''''''''''''''''''''''''''''''''''''''''''
| A font might not be found for many reasons.
|  Check the spelling, where the font is installed etc. etc.
| 
|  When in doubt, ask someone for help!
|...............................................

*************************************************
* fontspec warning: "script-not-exist"
* 
* Font 'PFD Minion' does not contain script 'Greek'.
*************************************************
! Cannot use \XeTeXOTcountlanguages with nullfont; not an OpenType Layout font.
<argument> ...eXOTcountlanguages \l_fontspec_font 
                                                  \l__fontspec_script_int 
l.12 ]{PFD Minion}
                  

! Missing number, treated as zero.
<to be read again> 
                   \__int_eval_end: 
l.12 ]{PFD Minion}
                  
A number should have been here; I inserted `0'.
(If you can't figure out why I needed to see a number,
look up `weird error' in the index to The TeXbook.)

! Cannot use \XeTeXOTlanguagetag with nullfont; not an OpenType Layout font.
<argument> ...XeTeXOTlanguagetag \l_fontspec_font 
                                                  \l__fontspec_script_int \l...
l.12 ]{PFD Minion}
                  

! Missing = inserted for \ifnum.
<to be read again> 
                   \l__fontspec_script_int 
l.12 ]{PFD Minion}
                  
I was expecting to see `<', `=', or `>'. Didn't.

! Cannot use \XeTeXOTlanguagetag with nullfont; not an OpenType Layout font.
<argument> ...XeTeXOTlanguagetag \l_fontspec_font 
                                                  \l__fontspec_script_int \l...
l.12 ]{PFD Minion}
                  

! Missing = inserted for \ifnum.
<to be read again> 
                   \l__fontspec_script_int 
l.12 ]{PFD Minion}
                  
I was expecting to see `<', `=', or `>'. Didn't.

! Cannot use \XeTeXOTlanguagetag with nullfont; not an OpenType Layout font.
<argument> ...XeTeXOTlanguagetag \l_fontspec_font 
                                                  \l__fontspec_script_int \l...
l.12 ]{PFD Minion}
                  

! Missing = inserted for \ifnum.
<to be read again> 
                   \l__fontspec_script_int 
l.12 ]{PFD Minion}
                  
I was expecting to see `<', `=', or `>'. Didn't.

! Cannot use \XeTeXOTlanguagetag with nullfont; not an OpenType Layout font.
<argument> ...XeTeXOTlanguagetag \l_fontspec_font 
                                                  \l__fontspec_script_int \l...
l.12 ]{PFD Minion}
                  

! Missing = inserted for \ifnum.
<to be read again> 
                   \l__fontspec_script_int 
l.12 ]{PFD Minion}
                  
I was expecting to see `<', `=', or `>'. Didn't.

! Cannot use \XeTeXOTlanguagetag with nullfont; not an OpenType Layout font.
<argument> ...XeTeXOTlanguagetag \l_fontspec_font 
                                                  \l__fontspec_script_int \l...
l.12 ]{PFD Minion}
                  

! Missing = inserted for \ifnum.
<to be read again> 
                   \l__fontspec_script_int 
l.12 ]{PFD Minion}
                  
I was expecting to see `<', `=', or `>'. Didn't.

! Cannot use \XeTeXOTlanguagetag with nullfont; not an OpenType Layout font.
<argument> ...XeTeXOTlanguagetag \l_fontspec_font 
                                                  \l__fontspec_script_int \l...
l.12 ]{PFD Minion}
                  

! Missing = inserted for \ifnum.
<to be read again> 
                   \l__fontspec_script_int 
l.12 ]{PFD Minion}
                  
I was expecting to see `<', `=', or `>'. Didn't.

! Cannot use \XeTeXOTlanguagetag with nullfont; not an OpenType Layout font.
<argument> ...XeTeXOTlanguagetag \l_fontspec_font 
                                                  \l__fontspec_script_int \l...
l.12 ]{PFD Minion}
                  

! Missing = inserted for \ifnum.
<to be read again> 
                   \l__fontspec_script_int 
l.12 ]{PFD Minion}
                  
I was expecting to see `<', `=', or `>'. Didn't.

! Cannot use \XeTeXOTlanguagetag with nullfont; not an OpenType Layout font.
<argument> ...XeTeXOTlanguagetag \l_fontspec_font 
                                                  \l__fontspec_script_int \l...
l.12 ]{PFD Minion}
                  

! Missing = inserted for \ifnum.
<to be read again> 
                   \l__fontspec_script_int 
l.12 ]{PFD Minion}
                  
I was expecting to see `<', `=', or `>'. Didn't.

! Cannot use \XeTeXOTlanguagetag with nullfont; not an OpenType Layout font.
<argument> ...XeTeXOTlanguagetag \l_fontspec_font 
                                                  \l__fontspec_script_int \l...
l.12 ]{PFD Minion}
                  

! Missing = inserted for \ifnum.
<to be read again> 
                   \l__fontspec_script_int 
l.12 ]{PFD Minion}
                  
I was expecting to see `<', `=', or `>'. Didn't.

! Cannot use \XeTeXOTlanguagetag with nullfont; not an OpenType Layout font.
<argument> ...XeTeXOTlanguagetag \l_fontspec_font 
                                                  \l__fontspec_script_int \l...
l.12 ]{PFD Minion}
                  

! Missing = inserted for \ifnum.
<to be read again> 
                   \l__fontspec_script_int 
l.12 ]{PFD Minion}
                  
I was expecting to see `<', `=', or `>'. Didn't.

! Cannot use \XeTeXOTlanguagetag with nullfont; not an OpenType Layout font.
<argument> ...XeTeXOTlanguagetag \l_fontspec_font 
                                                  \l__fontspec_script_int \l...
l.12 ]{PFD Minion}
                  

! Missing = inserted for \ifnum.
<to be read again> 
                   \l__fontspec_script_int 
l.12 ]{PFD Minion}
                  
I was expecting to see `<', `=', or `>'. Didn't.

! Cannot use \XeTeXOTlanguagetag with nullfont; not an OpenType Layout font.
<argument> ...XeTeXOTlanguagetag \l_fontspec_font 
                                                  \l__fontspec_script_int \l...
l.12 ]{PFD Minion}
                  

! Missing = inserted for \ifnum.
<to be read again> 
                   \l__fontspec_script_int 
l.12 ]{PFD Minion}
                  
I was expecting to see `<', `=', or `>'. Didn't.

! Cannot use \XeTeXOTlanguagetag with nullfont; not an OpenType Layout font.
<argument> ...XeTeXOTlanguagetag \l_fontspec_font 
                                                  \l__fontspec_script_int \l...
l.12 ]{PFD Minion}
                  

! Missing = inserted for \ifnum.
<to be read again> 
                   \l__fontspec_script_int 
l.12 ]{PFD Minion}
                  
I was expecting to see `<', `=', or `>'. Didn't.

! Cannot use \XeTeXOTlanguagetag with nullfont; not an OpenType Layout font.
<argument> ...XeTeXOTlanguagetag \l_fontspec_font 
                                                  \l__fontspec_script_int \l...
l.12 ]{PFD Minion}
                  

! Missing = inserted for \ifnum.
<to be read again> 
                   \l__fontspec_script_int 
l.12 ]{PFD Minion}
                  
I was expecting to see `<', `=', or `>'. Didn't.

! Cannot use \XeTeXOTlanguagetag with nullfont; not an OpenType Layout font.
<argument> ...XeTeXOTlanguagetag \l_fontspec_font 
                                                  \l__fontspec_script_int \l...
l.12 ]{PFD Minion}
                  

! Missing = inserted for \ifnum.
<to be read again> 
                   \l__fontspec_script_int 
l.12 ]{PFD Minion}
                  
I was expecting to see `<', `=', or `>'. Didn't.

! Cannot use \XeTeXOTlanguagetag with nullfont; not an OpenType Layout font.
<argument> ...XeTeXOTlanguagetag \l_fontspec_font 
                                                  \l__fontspec_script_int \l...
l.12 ]{PFD Minion}
                  

! Missing = inserted for \ifnum.
<to be read again> 
                   \l__fontspec_script_int 
l.12 ]{PFD Minion}
                  
I was expecting to see `<', `=', or `>'. Didn't.

! Cannot use \XeTeXOTlanguagetag with nullfont; not an OpenType Layout font.
<argument> ...XeTeXOTlanguagetag \l_fontspec_font 
                                                  \l__fontspec_script_int \l...
l.12 ]{PFD Minion}
                  

! Missing = inserted for \ifnum.
<to be read again> 
                   \l__fontspec_script_int 
l.12 ]{PFD Minion}
                  
I was expecting to see `<', `=', or `>'. Didn't.

! Cannot use \XeTeXOTlanguagetag with nullfont; not an OpenType Layout font.
<argument> ...XeTeXOTlanguagetag \l_fontspec_font 
                                                  \l__fontspec_script_int \l...
l.12 ]{PFD Minion}
                  

! Missing = inserted for \ifnum.
<to be read again> 
                   \l__fontspec_script_int 
l.12 ]{PFD Minion}
                  
I was expecting to see `<', `=', or `>'. Didn't.

! Cannot use \XeTeXOTlanguagetag with nullfont; not an OpenType Layout font.
<argument> ...XeTeXOTlanguagetag \l_fontspec_font 
                                                  \l__fontspec_script_int \l...
l.12 ]{PFD Minion}
                  

! Missing = inserted for \ifnum.
<to be read again> 
                   \l__fontspec_script_int 
l.12 ]{PFD Minion}
                  
I was expecting to see `<', `=', or `>'. Didn't.

! Cannot use \XeTeXOTlanguagetag with nullfont; not an OpenType Layout font.
<argument> ...XeTeXOTlanguagetag \l_fontspec_font 
                                                  \l__fontspec_script_int \l...
l.12 ]{PFD Minion}
                  

! Missing = inserted for \ifnum.
<to be read again> 
                   \l__fontspec_script_int 
l.12 ]{PFD Minion}
                  
I was expecting to see `<', `=', or `>'. Didn't.

! Cannot use \XeTeXOTlanguagetag with nullfont; not an OpenType Layout font.
<argument> ...XeTeXOTlanguagetag \l_fontspec_font 
                                                  \l__fontspec_script_int \l...
l.12 ]{PFD Minion}
                  

! Missing = inserted for \ifnum.
<to be read again> 
                   \l__fontspec_script_int 
l.12 ]{PFD Minion}
                  
I was expecting to see `<', `=', or `>'. Didn't.

! Cannot use \XeTeXOTlanguagetag with nullfont; not an OpenType Layout font.
<argument> ...XeTeXOTlanguagetag \l_fontspec_font 
                                                  \l__fontspec_script_int \l...
l.12 ]{PFD Minion}
                  

! Missing = inserted for \ifnum.
<to be read again> 
                   \l__fontspec_script_int 
l.12 ]{PFD Minion}
                  
I was expecting to see `<', `=', or `>'. Didn't.

! Cannot use \XeTeXOTlanguagetag with nullfont; not an OpenType Layout font.
<argument> ...XeTeXOTlanguagetag \l_fontspec_font 
                                                  \l__fontspec_script_int \l...
l.12 ]{PFD Minion}
                  

! Missing = inserted for \ifnum.
<to be read again> 
                   \l__fontspec_script_int 
l.12 ]{PFD Minion}
                  
I was expecting to see `<', `=', or `>'. Didn't.

! Cannot use \XeTeXOTlanguagetag with nullfont; not an OpenType Layout font.
<argument> ...XeTeXOTlanguagetag \l_fontspec_font 
                                                  \l__fontspec_script_int \l...
l.12 ]{PFD Minion}
                  

! Missing = inserted for \ifnum.
<to be read again> 
                   \l__fontspec_script_int 
l.12 ]{PFD Minion}
                  
I was expecting to see `<', `=', or `>'. Didn't.

! Cannot use \XeTeXOTlanguagetag with nullfont; not an OpenType Layout font.
<argument> ...XeTeXOTlanguagetag \l_fontspec_font 
                                                  \l__fontspec_script_int \l...
l.12 ]{PFD Minion}
                  

! Missing = inserted for \ifnum.
<to be read again> 
                   \l__fontspec_script_int 
l.12 ]{PFD Minion}
                  
I was expecting to see `<', `=', or `>'. Didn't.

! Cannot use \XeTeXOTlanguagetag with nullfont; not an OpenType Layout font.
<argument> ...XeTeXOTlanguagetag \l_fontspec_font 
                                                  \l__fontspec_script_int \l...
l.12 ]{PFD Minion}
                  

! Missing = inserted for \ifnum.
<to be read again> 
                   \l__fontspec_script_int 
l.12 ]{PFD Minion}
                  
I was expecting to see `<', `=', or `>'. Didn't.

! Cannot use \XeTeXOTlanguagetag with nullfont; not an OpenType Layout font.
<argument> ...XeTeXOTlanguagetag \l_fontspec_font 
                                                  \l__fontspec_script_int \l...
l.12 ]{PFD Minion}
                  

! Missing = inserted for \ifnum.
<to be read again> 
                   \l__fontspec_script_int 
l.12 ]{PFD Minion}
                  
I was expecting to see `<', `=', or `>'. Didn't.

! Cannot use \XeTeXOTlanguagetag with nullfont; not an OpenType Layout font.
<argument> ...XeTeXOTlanguagetag \l_fontspec_font 
                                                  \l__fontspec_script_int \l...
l.12 ]{PFD Minion}
                  

! Missing = inserted for \ifnum.
<to be read again> 
                   \l__fontspec_script_int 
l.12 ]{PFD Minion}
                  
I was expecting to see `<', `=', or `>'. Didn't.

! Cannot use \XeTeXOTlanguagetag with nullfont; not an OpenType Layout font.
<argument> ...XeTeXOTlanguagetag \l_fontspec_font 
                                                  \l__fontspec_script_int \l...
l.12 ]{PFD Minion}
                  

! Missing = inserted for \ifnum.
<to be read again> 
                   \l__fontspec_script_int 
l.12 ]{PFD Minion}
                  
I was expecting to see `<', `=', or `>'. Didn't.

! Cannot use \XeTeXOTlanguagetag with nullfont; not an OpenType Layout font.
<argument> ...XeTeXOTlanguagetag \l_fontspec_font 
                                                  \l__fontspec_script_int \l...
l.12 ]{PFD Minion}
                  

! Missing = inserted for \ifnum.
<to be read again> 
                   \l__fontspec_script_int 
l.12 ]{PFD Minion}
                  
I was expecting to see `<', `=', or `>'. Didn't.

! Cannot use \XeTeXOTlanguagetag with nullfont; not an OpenType Layout font.
<argument> ...XeTeXOTlanguagetag \l_fontspec_font 
                                                  \l__fontspec_script_int \l...
l.12 ]{PFD Minion}
                  

! Missing = inserted for \ifnum.
<to be read again> 
                   \l__fontspec_script_int 
l.12 ]{PFD Minion}
                  
I was expecting to see `<', `=', or `>'. Didn't.

! Cannot use \XeTeXOTlanguagetag with nullfont; not an OpenType Layout font.
<argument> ...XeTeXOTlanguagetag \l_fontspec_font 
                                                  \l__fontspec_script_int \l...
l.12 ]{PFD Minion}
                  

! Missing = inserted for \ifnum.
<to be read again> 
                   \l__fontspec_script_int 
l.12 ]{PFD Minion}
                  
I was expecting to see `<', `=', or `>'. Didn't.

! Cannot use \XeTeXOTlanguagetag with nullfont; not an OpenType Layout font.
<argument> ...XeTeXOTlanguagetag \l_fontspec_font 
                                                  \l__fontspec_script_int \l...
l.12 ]{PFD Minion}
                  

! Missing = inserted for \ifnum.
<to be read again> 
                   \l__fontspec_script_int 
l.12 ]{PFD Minion}
                  
I was expecting to see `<', `=', or `>'. Didn't.

! Cannot use \XeTeXOTlanguagetag with nullfont; not an OpenType Layout font.
<argument> ...XeTeXOTlanguagetag \l_fontspec_font 
                                                  \l__fontspec_script_int \l...
l.12 ]{PFD Minion}
                  

! Missing = inserted for \ifnum.
<to be read again> 
                   \l__fontspec_script_int 
l.12 ]{PFD Minion}
                  
I was expecting to see `<', `=', or `>'. Didn't.

! Cannot use \XeTeXOTlanguagetag with nullfont; not an OpenType Layout font.
<argument> ...XeTeXOTlanguagetag \l_fontspec_font 
                                                  \l__fontspec_script_int \l...
l.12 ]{PFD Minion}
                  

! Missing = inserted for \ifnum.
<to be read again> 
                   \l__fontspec_script_int 
l.12 ]{PFD Minion}
                  
I was expecting to see `<', `=', or `>'. Didn't.

! Cannot use \XeTeXOTlanguagetag with nullfont; not an OpenType Layout font.
<argument> ...XeTeXOTlanguagetag \l_fontspec_font 
                                                  \l__fontspec_script_int \l...
l.12 ]{PFD Minion}
                  

! Missing = inserted for \ifnum.
<to be read again> 
                   \l__fontspec_script_int 
l.12 ]{PFD Minion}
                  
I was expecting to see `<', `=', or `>'. Didn't.

! Cannot use \XeTeXOTlanguagetag with nullfont; not an OpenType Layout font.
<argument> ...XeTeXOTlanguagetag \l_fontspec_font 
                                                  \l__fontspec_script_int \l...
l.12 ]{PFD Minion}
                  

! Missing = inserted for \ifnum.
<to be read again> 
                   \l__fontspec_script_int 
l.12 ]{PFD Minion}
                  
I was expecting to see `<', `=', or `>'. Didn't.

! Cannot use \XeTeXOTlanguagetag with nullfont; not an OpenType Layout font.
<argument> ...XeTeXOTlanguagetag \l_fontspec_font 
                                                  \l__fontspec_script_int \l...
l.12 ]{PFD Minion}
                  

! Missing = inserted for \ifnum.
<to be read again> 
                   \l__fontspec_script_int 
l.12 ]{PFD Minion}
                  
I was expecting to see `<', `=', or `>'. Didn't.

! Cannot use \XeTeXOTlanguagetag with nullfont; not an OpenType Layout font.
<argument> ...XeTeXOTlanguagetag \l_fontspec_font 
                                                  \l__fontspec_script_int \l...
l.12 ]{PFD Minion}
                  

! Missing = inserted for \ifnum.
<to be read again> 
                   \l__fontspec_script_int 
l.12 ]{PFD Minion}
                  
I was expecting to see `<', `=', or `>'. Didn't.

! Cannot use \XeTeXOTlanguagetag with nullfont; not an OpenType Layout font.
<argument> ...XeTeXOTlanguagetag \l_fontspec_font 
                                                  \l__fontspec_script_int \l...
l.12 ]{PFD Minion}
                  

! Missing = inserted for \ifnum.
<to be read again> 
                   \l__fontspec_script_int 
l.12 ]{PFD Minion}
                  
I was expecting to see `<', `=', or `>'. Didn't.

! Cannot use \XeTeXOTlanguagetag with nullfont; not an OpenType Layout font.
<argument> ...XeTeXOTlanguagetag \l_fontspec_font 
                                                  \l__fontspec_script_int \l...
l.12 ]{PFD Minion}
                  

! Missing = inserted for \ifnum.
<to be read again> 
                   \l__fontspec_script_int 
l.12 ]{PFD Minion}
                  
I was expecting to see `<', `=', or `>'. Didn't.

! Cannot use \XeTeXOTlanguagetag with nullfont; not an OpenType Layout font.
<argument> ...XeTeXOTlanguagetag \l_fontspec_font 
                                                  \l__fontspec_script_int \l...
l.12 ]{PFD Minion}
                  

! Missing = inserted for \ifnum.
<to be read again> 
                   \l__fontspec_script_int 
l.12 ]{PFD Minion}
                  
I was expecting to see `<', `=', or `>'. Didn't.

! Cannot use \XeTeXOTlanguagetag with nullfont; not an OpenType Layout font.
<argument> ...XeTeXOTlanguagetag \l_fontspec_font 
                                                  \l__fontspec_script_int \l...
l.12 ]{PFD Minion}
                  

! Missing = inserted for \ifnum.
<to be read again> 
                   \l__fontspec_script_int 
l.12 ]{PFD Minion}
                  
I was expecting to see `<', `=', or `>'. Didn't.

! Cannot use \XeTeXOTlanguagetag with nullfont; not an OpenType Layout font.
<argument> ...XeTeXOTlanguagetag \l_fontspec_font 
                                                  \l__fontspec_script_int \l...
l.12 ]{PFD Minion}
                  

! Missing = inserted for \ifnum.
<to be read again> 
                   \l__fontspec_script_int 
l.12 ]{PFD Minion}
                  
I was expecting to see `<', `=', or `>'. Didn't.

! Cannot use \XeTeXOTlanguagetag with nullfont; not an OpenType Layout font.
<argument> ...XeTeXOTlanguagetag \l_fontspec_font 
                                                  \l__fontspec_script_int \l...
l.12 ]{PFD Minion}
                  

! Missing = inserted for \ifnum.
<to be read again> 
                   \l__fontspec_script_int 
l.12 ]{PFD Minion}
                  
I was expecting to see `<', `=', or `>'. Didn't.

! Cannot use \XeTeXOTlanguagetag with nullfont; not an OpenType Layout font.
<argument> ...XeTeXOTlanguagetag \l_fontspec_font 
                                                  \l__fontspec_script_int \l...
l.12 ]{PFD Minion}
                  

! Missing = inserted for \ifnum.
<to be read again> 
                   \l__fontspec_script_int 
l.12 ]{PFD Minion}
                  
I was expecting to see `<', `=', or `>'. Didn't.

! Cannot use \XeTeXOTlanguagetag with nullfont; not an OpenType Layout font.
<argument> ...XeTeXOTlanguagetag \l_fontspec_font 
                                                  \l__fontspec_script_int \l...
l.12 ]{PFD Minion}
                  

! Missing = inserted for \ifnum.
<to be read again> 
                   \l__fontspec_script_int 
l.12 ]{PFD Minion}
                  
I was expecting to see `<', `=', or `>'. Didn't.

! Cannot use \XeTeXOTlanguagetag with nullfont; not an OpenType Layout font.
<argument> ...XeTeXOTlanguagetag \l_fontspec_font 
                                                  \l__fontspec_script_int \l...
l.12 ]{PFD Minion}
                  

! Missing = inserted for \ifnum.
<to be read again> 
                   \l__fontspec_script_int 
l.12 ]{PFD Minion}
                  
I was expecting to see `<', `=', or `>'. Didn't.

! Cannot use \XeTeXOTlanguagetag with nullfont; not an OpenType Layout font.
<argument> ...XeTeXOTlanguagetag \l_fontspec_font 
                                                  \l__fontspec_script_int \l...
l.12 ]{PFD Minion}
                  
(That makes 100 errors; please try again.) 
Here is how much of TeX's memory you used:
 9741 strings out of 493068
 218493 string characters out of 6138948
 274090 words of memory out of 5000000
 13690 multiletter control sequences out of 15000+600000
 3664 words of font info for 17 fonts, out of 8000000 for 9000
 1347 hyphenation exceptions out of 8191
 35i,0n,48p,10368b,230s stack positions out of 5000i,500n,10000p,200000b,80000s

No pages of output.
