This is pdfTeX, Version 3.1415926-2.5-1.40.14 (TeX Live 2013/Debian) (format=pdflatex 2017.9.20)  27 SEP 2017 12:00
entering extended mode
 restricted \write18 enabled.
 %&-line parsing enabled.
**main.tex
(./main.tex
LaTeX2e <2011/06/27>
Babel <3.9h> and hyphenation patterns for 78 languages loaded.
(./dblab-thesis.cls
Document Class: dblab-thesis 2003/02/01 1.0 LaTeX document class (Finik).
(/usr/share/texlive/texmf-dist/tex/latex/base/ifthen.sty
Package: ifthen 2001/05/26 v1.1c Standard LaTeX ifthen package (DPC)
)
(/usr/share/texlive/texmf-dist/tex/latex/graphics/graphicx.sty
Package: graphicx 1999/02/16 v1.0f Enhanced LaTeX Graphics (DPC,SPQR)

(/usr/share/texlive/texmf-dist/tex/latex/graphics/keyval.sty
Package: keyval 1999/03/16 v1.13 key=value parser (DPC)
\KV@toks@=\toks14
)
(/usr/share/texlive/texmf-dist/tex/latex/graphics/graphics.sty
Package: graphics 2009/02/05 v1.0o Standard LaTeX Graphics (DPC,SPQR)

(/usr/share/texlive/texmf-dist/tex/latex/graphics/trig.sty
Package: trig 1999/03/16 v1.09 sin cos tan (DPC)
)
(/usr/share/texlive/texmf-dist/tex/latex/latexconfig/graphics.cfg
File: graphics.cfg 2010/04/23 v1.9 graphics configuration of TeX Live
)
Package graphics Info: Driver file: pdftex.def on input line 91.

(/usr/share/texlive/texmf-dist/tex/latex/pdftex-def/pdftex.def
File: pdftex.def 2011/05/27 v0.06d Graphics/color for pdfTeX

(/usr/share/texlive/texmf-dist/tex/generic/oberdiek/infwarerr.sty
Package: infwarerr 2010/04/08 v1.3 Providing info/warning/error messages (HO)
)
(/usr/share/texlive/texmf-dist/tex/generic/oberdiek/ltxcmds.sty
Package: ltxcmds 2011/11/09 v1.22 LaTeX kernel commands for general use (HO)
)
\Gread@gobject=\count79
))
\Gin@req@height=\dimen102
\Gin@req@width=\dimen103
)
(/usr/share/texlive/texmf-dist/tex/latex/amsmath/amsmath.sty
Package: amsmath 2013/01/14 v2.14 AMS math features
\@mathmargin=\skip41

For additional information on amsmath, use the `?' option.
(/usr/share/texlive/texmf-dist/tex/latex/amsmath/amstext.sty
Package: amstext 2000/06/29 v2.01

(/usr/share/texlive/texmf-dist/tex/latex/amsmath/amsgen.sty
File: amsgen.sty 1999/11/30 v2.0
\@emptytoks=\toks15
\ex@=\dimen104
))
(/usr/share/texlive/texmf-dist/tex/latex/amsmath/amsbsy.sty
Package: amsbsy 1999/11/29 v1.2d
\pmbraise@=\dimen105
)
(/usr/share/texlive/texmf-dist/tex/latex/amsmath/amsopn.sty
Package: amsopn 1999/12/14 v2.01 operator names
)
\inf@bad=\count80
LaTeX Info: Redefining \frac on input line 210.
\uproot@=\count81
\leftroot@=\count82
LaTeX Info: Redefining \overline on input line 306.
\classnum@=\count83
\DOTSCASE@=\count84
LaTeX Info: Redefining \ldots on input line 378.
LaTeX Info: Redefining \dots on input line 381.
LaTeX Info: Redefining \cdots on input line 466.
\Mathstrutbox@=\box26
\strutbox@=\box27
\big@size=\dimen106
LaTeX Font Info:    Redeclaring font encoding OML on input line 566.
LaTeX Font Info:    Redeclaring font encoding OMS on input line 567.
\macc@depth=\count85
\c@MaxMatrixCols=\count86
\dotsspace@=\muskip10
\c@parentequation=\count87
\dspbrk@lvl=\count88
\tag@help=\toks16
\row@=\count89
\column@=\count90
\maxfields@=\count91
\andhelp@=\toks17
\eqnshift@=\dimen107
\alignsep@=\dimen108
\tagshift@=\dimen109
\tagwidth@=\dimen110
\totwidth@=\dimen111
\lineht@=\dimen112
\@envbody=\toks18
\multlinegap=\skip42
\multlinetaggap=\skip43
\mathdisplay@stack=\toks19
LaTeX Info: Redefining \[ on input line 2665.
LaTeX Info: Redefining \] on input line 2666.
)
(/usr/share/texlive/texmf-dist/tex/latex/datetime/datetime.sty
Package: datetime 2013/09/10 v2.59 Date Time Package

(/usr/share/texlive/texmf-dist/tex/latex/etoolbox/etoolbox.sty
Package: etoolbox 2011/01/03 v2.1 e-TeX tools for LaTeX

(/usr/share/texlive/texmf-dist/tex/latex/etex-pkg/etex.sty
Package: etex 1998/03/26 v2.0 eTeX basic definition package (PEB)
\et@xins=\count92
)
\etb@tempcnta=\count93
)
(/usr/share/texlive/texmf-dist/tex/latex/fmtcount/fmtcount.sty
Package: fmtcount 2013/08/17 v2.03

(/usr/share/texlive/texmf-dist/tex/latex/fmtcount/fcprefix.sty
Package: fcprefix 2012/09/28

(/usr/share/texlive/texmf-dist/tex/latex/fmtcount/fcnumparser.sty
Package: fcnumparser 2012/09/28
\fc@digit@counter=\count94
))
\c@padzeroesN=\count95
\fc@tmpcatcode=\count96
\@DT@modctr=\count97
\@ordinalctr=\count98
\@orgargctr=\count99
\@strctr=\count100
\@tmpstrctr=\count101
\@DT@loopN=\count102
\@DT@X=\count103

(/usr/share/texlive/texmf-dist/tex/latex/fmtcount/fc-english.def
File: fc-english.def 2013/08/17
))
(/usr/share/texlive/texmf-dist/tex/latex/datetime/datetime-defaults.sty
Package: datetime-defaults 2013/09/10
)
\@day=\count104
\@month=\count105
\@year=\count106
\c@HOUR=\count107
\c@HOURXII=\count108
\c@MINUTE=\count109
\c@TOHOUR=\count110
\c@TOMINUTE=\count111
\c@SECOND=\count112
\currenthour=\count113
\currentminute=\count114
\currentsecond=\count115
Package datetime Info: No datetime.cfg file found, using default settings on in
put line 308.

(/usr/share/texlive/texmf-dist/tex/latex/datetime/dt-greek.def
File: dt-greek.def 2013/09/10
)
\@dtctr=\count116
\dayofyear=\count117
\dayofweek=\count118
\dt@a=\toks20
\dt@b=\toks21
)
(/usr/share/texlive/texmf-dist/tex/latex/fancyhdr/fancyhdr.sty
\fancy@headwidth=\skip44
\f@ncyO@elh=\skip45
\f@ncyO@erh=\skip46
\f@ncyO@olh=\skip47
\f@ncyO@orh=\skip48
\f@ncyO@elf=\skip49
\f@ncyO@erf=\skip50
\f@ncyO@olf=\skip51
\f@ncyO@orf=\skip52
)
(/usr/share/texlive/texmf-dist/tex/latex/base/book.cls
Document Class: book 2007/10/19 v1.4h Standard LaTeX document class
(/usr/share/texlive/texmf-dist/tex/latex/base/bk11.clo
File: bk11.clo 2007/10/19 v1.4h Standard LaTeX file (size option)
)
\c@part=\count119
\c@chapter=\count120
\c@section=\count121
\c@subsection=\count122
\c@subsubsection=\count123
\c@paragraph=\count124
\c@subparagraph=\count125
\c@figure=\count126
\c@table=\count127
\abovecaptionskip=\skip53
\belowcaptionskip=\skip54
\bibindent=\dimen113
)
(/usr/share/texlive/texmf-dist/tex/generic/babel/babel.sty
Package: babel 2013/12/03 3.9h The Babel package

(/usr/share/texlive/texmf-dist/tex/generic/babel-english/english.ldf
Language: english 2012/08/20 v3.3p English support from the babel system

(/usr/share/texlive/texmf-dist/tex/generic/babel/babel.def
File: babel.def 2013/12/03 3.9h Babel common definitions
\babel@savecnt=\count128
\U@D=\dimen114
)
\l@canadian = a dialect from \language\l@american 
\l@australian = a dialect from \language\l@british 
\l@newzealand = a dialect from \language\l@british 
)
(/usr/share/texlive/texmf-dist/tex/generic/babel-greek/greek.ldf
Language: greek 2013/12/03 v1.8a Greek support for the babel system

(/usr/share/texlive/texmf-dist/tex/latex/greek-fontenc/lgrenc.def
File: lgrenc.def 2013/07/16 v0.9 LGR Greek font encoding definitions

(/usr/share/texlive/texmf-dist/tex/latex/greek-fontenc/greek-fontenc.def
File: greek-fontenc.def 2013/11/28 v0.11 Common Greek font encoding definitions

))))
(/usr/share/texlive/texmf-dist/tex/latex/base/inputenc.sty
Package: inputenc 2008/03/30 v1.1d Input encoding file
\inpenc@prehook=\toks22
\inpenc@posthook=\toks23

(/usr/share/texlive/texmf-dist/tex/latex/base/utf8.def
File: utf8.def 2008/04/05 v1.1m UTF-8 support for inputenc
Now handling font encoding OML ...
... no UTF-8 mapping file for font encoding OML
Now handling font encoding T1 ...
... processing UTF-8 mapping file for font encoding T1

(/usr/share/texlive/texmf-dist/tex/latex/base/t1enc.dfu
File: t1enc.dfu 2008/04/05 v1.1m UTF-8 support for inputenc
   defining Unicode char U+00A1 (decimal 161)
   defining Unicode char U+00A3 (decimal 163)
   defining Unicode char U+00AB (decimal 171)
   defining Unicode char U+00BB (decimal 187)
   defining Unicode char U+00BF (decimal 191)
   defining Unicode char U+00C0 (decimal 192)
   defining Unicode char U+00C1 (decimal 193)
   defining Unicode char U+00C2 (decimal 194)
   defining Unicode char U+00C3 (decimal 195)
   defining Unicode char U+00C4 (decimal 196)
   defining Unicode char U+00C5 (decimal 197)
   defining Unicode char U+00C6 (decimal 198)
   defining Unicode char U+00C7 (decimal 199)
   defining Unicode char U+00C8 (decimal 200)
   defining Unicode char U+00C9 (decimal 201)
   defining Unicode char U+00CA (decimal 202)
   defining Unicode char U+00CB (decimal 203)
   defining Unicode char U+00CC (decimal 204)
   defining Unicode char U+00CD (decimal 205)
   defining Unicode char U+00CE (decimal 206)
   defining Unicode char U+00CF (decimal 207)
   defining Unicode char U+00D0 (decimal 208)
   defining Unicode char U+00D1 (decimal 209)
   defining Unicode char U+00D2 (decimal 210)
   defining Unicode char U+00D3 (decimal 211)
   defining Unicode char U+00D4 (decimal 212)
   defining Unicode char U+00D5 (decimal 213)
   defining Unicode char U+00D6 (decimal 214)
   defining Unicode char U+00D8 (decimal 216)
   defining Unicode char U+00D9 (decimal 217)
   defining Unicode char U+00DA (decimal 218)
   defining Unicode char U+00DB (decimal 219)
   defining Unicode char U+00DC (decimal 220)
   defining Unicode char U+00DD (decimal 221)
   defining Unicode char U+00DE (decimal 222)
   defining Unicode char U+00DF (decimal 223)
   defining Unicode char U+00E0 (decimal 224)
   defining Unicode char U+00E1 (decimal 225)
   defining Unicode char U+00E2 (decimal 226)
   defining Unicode char U+00E3 (decimal 227)
   defining Unicode char U+00E4 (decimal 228)
   defining Unicode char U+00E5 (decimal 229)
   defining Unicode char U+00E6 (decimal 230)
   defining Unicode char U+00E7 (decimal 231)
   defining Unicode char U+00E8 (decimal 232)
   defining Unicode char U+00E9 (decimal 233)
   defining Unicode char U+00EA (decimal 234)
   defining Unicode char U+00EB (decimal 235)
   defining Unicode char U+00EC (decimal 236)
   defining Unicode char U+00ED (decimal 237)
   defining Unicode char U+00EE (decimal 238)
   defining Unicode char U+00EF (decimal 239)
   defining Unicode char U+00F0 (decimal 240)
   defining Unicode char U+00F1 (decimal 241)
   defining Unicode char U+00F2 (decimal 242)
   defining Unicode char U+00F3 (decimal 243)
   defining Unicode char U+00F4 (decimal 244)
   defining Unicode char U+00F5 (decimal 245)
   defining Unicode char U+00F6 (decimal 246)
   defining Unicode char U+00F8 (decimal 248)
   defining Unicode char U+00F9 (decimal 249)
   defining Unicode char U+00FA (decimal 250)
   defining Unicode char U+00FB (decimal 251)
   defining Unicode char U+00FC (decimal 252)
   defining Unicode char U+00FD (decimal 253)
   defining Unicode char U+00FE (decimal 254)
   defining Unicode char U+00FF (decimal 255)
   defining Unicode char U+0102 (decimal 258)
   defining Unicode char U+0103 (decimal 259)
   defining Unicode char U+0104 (decimal 260)
   defining Unicode char U+0105 (decimal 261)
   defining Unicode char U+0106 (decimal 262)
   defining Unicode char U+0107 (decimal 263)
   defining Unicode char U+010C (decimal 268)
   defining Unicode char U+010D (decimal 269)
   defining Unicode char U+010E (decimal 270)
   defining Unicode char U+010F (decimal 271)
   defining Unicode char U+0110 (decimal 272)
   defining Unicode char U+0111 (decimal 273)
   defining Unicode char U+0118 (decimal 280)
   defining Unicode char U+0119 (decimal 281)
   defining Unicode char U+011A (decimal 282)
   defining Unicode char U+011B (decimal 283)
   defining Unicode char U+011E (decimal 286)
   defining Unicode char U+011F (decimal 287)
   defining Unicode char U+0130 (decimal 304)
   defining Unicode char U+0131 (decimal 305)
   defining Unicode char U+0132 (decimal 306)
   defining Unicode char U+0133 (decimal 307)
   defining Unicode char U+0139 (decimal 313)
   defining Unicode char U+013A (decimal 314)
   defining Unicode char U+013D (decimal 317)
   defining Unicode char U+013E (decimal 318)
   defining Unicode char U+0141 (decimal 321)
   defining Unicode char U+0142 (decimal 322)
   defining Unicode char U+0143 (decimal 323)
   defining Unicode char U+0144 (decimal 324)
   defining Unicode char U+0147 (decimal 327)
   defining Unicode char U+0148 (decimal 328)
   defining Unicode char U+014A (decimal 330)
   defining Unicode char U+014B (decimal 331)
   defining Unicode char U+0150 (decimal 336)
   defining Unicode char U+0151 (decimal 337)
   defining Unicode char U+0152 (decimal 338)
   defining Unicode char U+0153 (decimal 339)
   defining Unicode char U+0154 (decimal 340)
   defining Unicode char U+0155 (decimal 341)
   defining Unicode char U+0158 (decimal 344)
   defining Unicode char U+0159 (decimal 345)
   defining Unicode char U+015A (decimal 346)
   defining Unicode char U+015B (decimal 347)
   defining Unicode char U+015E (decimal 350)
   defining Unicode char U+015F (decimal 351)
   defining Unicode char U+0160 (decimal 352)
   defining Unicode char U+0161 (decimal 353)
   defining Unicode char U+0162 (decimal 354)
   defining Unicode char U+0163 (decimal 355)
   defining Unicode char U+0164 (decimal 356)
   defining Unicode char U+0165 (decimal 357)
   defining Unicode char U+016E (decimal 366)
   defining Unicode char U+016F (decimal 367)
   defining Unicode char U+0170 (decimal 368)
   defining Unicode char U+0171 (decimal 369)
   defining Unicode char U+0178 (decimal 376)
   defining Unicode char U+0179 (decimal 377)
   defining Unicode char U+017A (decimal 378)
   defining Unicode char U+017B (decimal 379)
   defining Unicode char U+017C (decimal 380)
   defining Unicode char U+017D (decimal 381)
   defining Unicode char U+017E (decimal 382)
   defining Unicode char U+200C (decimal 8204)
   defining Unicode char U+2013 (decimal 8211)
   defining Unicode char U+2014 (decimal 8212)
   defining Unicode char U+2018 (decimal 8216)
   defining Unicode char U+2019 (decimal 8217)
   defining Unicode char U+201A (decimal 8218)
   defining Unicode char U+201C (decimal 8220)
   defining Unicode char U+201D (decimal 8221)
   defining Unicode char U+201E (decimal 8222)
   defining Unicode char U+2030 (decimal 8240)
   defining Unicode char U+2031 (decimal 8241)
   defining Unicode char U+2039 (decimal 8249)
   defining Unicode char U+203A (decimal 8250)
   defining Unicode char U+2423 (decimal 9251)
)
Now handling font encoding OT1 ...
... processing UTF-8 mapping file for font encoding OT1

(/usr/share/texlive/texmf-dist/tex/latex/base/ot1enc.dfu
File: ot1enc.dfu 2008/04/05 v1.1m UTF-8 support for inputenc
   defining Unicode char U+00A1 (decimal 161)
   defining Unicode char U+00A3 (decimal 163)
   defining Unicode char U+00B8 (decimal 184)
   defining Unicode char U+00BF (decimal 191)
   defining Unicode char U+00C5 (decimal 197)
   defining Unicode char U+00C6 (decimal 198)
   defining Unicode char U+00D8 (decimal 216)
   defining Unicode char U+00DF (decimal 223)
   defining Unicode char U+00E6 (decimal 230)
   defining Unicode char U+00EC (decimal 236)
   defining Unicode char U+00ED (decimal 237)
   defining Unicode char U+00EE (decimal 238)
   defining Unicode char U+00EF (decimal 239)
   defining Unicode char U+00F8 (decimal 248)
   defining Unicode char U+0131 (decimal 305)
   defining Unicode char U+0141 (decimal 321)
   defining Unicode char U+0142 (decimal 322)
   defining Unicode char U+0152 (decimal 338)
   defining Unicode char U+0153 (decimal 339)
   defining Unicode char U+2013 (decimal 8211)
   defining Unicode char U+2014 (decimal 8212)
   defining Unicode char U+2018 (decimal 8216)
   defining Unicode char U+2019 (decimal 8217)
   defining Unicode char U+201C (decimal 8220)
   defining Unicode char U+201D (decimal 8221)
)
Now handling font encoding OMS ...
... processing UTF-8 mapping file for font encoding OMS

(/usr/share/texlive/texmf-dist/tex/latex/base/omsenc.dfu
File: omsenc.dfu 2008/04/05 v1.1m UTF-8 support for inputenc
   defining Unicode char U+00A7 (decimal 167)
   defining Unicode char U+00B6 (decimal 182)
   defining Unicode char U+00B7 (decimal 183)
   defining Unicode char U+2020 (decimal 8224)
   defining Unicode char U+2021 (decimal 8225)
   defining Unicode char U+2022 (decimal 8226)
)
Now handling font encoding OMX ...
... no UTF-8 mapping file for font encoding OMX
Now handling font encoding U ...
... no UTF-8 mapping file for font encoding U
Now handling font encoding LGR ...
... processing UTF-8 mapping file for font encoding LGR

(/usr/share/texlive/texmf-dist/tex/latex/greek-inputenc/lgrenc.dfu
File: lgrenc.dfu 2013/07/18 1.4.1 UTF-8 support for Greek
   defining Unicode char U+00A8 (decimal 168)
   defining Unicode char U+00AB (decimal 171)
   defining Unicode char U+00AF (decimal 175)
   defining Unicode char U+00B4 (decimal 180)
   defining Unicode char U+00B7 (decimal 183)
   defining Unicode char U+00BB (decimal 187)
   defining Unicode char U+0259 (decimal 601)
   defining Unicode char U+02D8 (decimal 728)
   defining Unicode char U+200C (decimal 8204)
   defining Unicode char U+2013 (decimal 8211)
   defining Unicode char U+2014 (decimal 8212)
   defining Unicode char U+2018 (decimal 8216)
   defining Unicode char U+2019 (decimal 8217)
   defining Unicode char U+201A (decimal 8218)
   defining Unicode char U+2030 (decimal 8240)
   defining Unicode char U+2039 (decimal 8249)
   defining Unicode char U+203A (decimal 8250)
   defining Unicode char U+20AC (decimal 8364)
   defining Unicode char U+0374 (decimal 884)
   defining Unicode char U+0375 (decimal 885)
   defining Unicode char U+037A (decimal 890)
   defining Unicode char U+037E (decimal 894)
   defining Unicode char U+0384 (decimal 900)
   defining Unicode char U+0385 (decimal 901)
   defining Unicode char U+0386 (decimal 902)
   defining Unicode char U+0387 (decimal 903)
   defining Unicode char U+0388 (decimal 904)
   defining Unicode char U+0389 (decimal 905)
   defining Unicode char U+038A (decimal 906)
   defining Unicode char U+038C (decimal 908)
   defining Unicode char U+038E (decimal 910)
   defining Unicode char U+038F (decimal 911)
   defining Unicode char U+0390 (decimal 912)
   defining Unicode char U+0391 (decimal 913)
   defining Unicode char U+0392 (decimal 914)
   defining Unicode char U+0393 (decimal 915)
   defining Unicode char U+0394 (decimal 916)
   defining Unicode char U+0395 (decimal 917)
   defining Unicode char U+0396 (decimal 918)
   defining Unicode char U+0397 (decimal 919)
   defining Unicode char U+0398 (decimal 920)
   defining Unicode char U+0399 (decimal 921)
   defining Unicode char U+039A (decimal 922)
   defining Unicode char U+039B (decimal 923)
   defining Unicode char U+039C (decimal 924)
   defining Unicode char U+039D (decimal 925)
   defining Unicode char U+039E (decimal 926)
   defining Unicode char U+039F (decimal 927)
   defining Unicode char U+03A0 (decimal 928)
   defining Unicode char U+03A1 (decimal 929)
   defining Unicode char U+03A3 (decimal 931)
   defining Unicode char U+03A4 (decimal 932)
   defining Unicode char U+03A5 (decimal 933)
   defining Unicode char U+03A6 (decimal 934)
   defining Unicode char U+03A7 (decimal 935)
   defining Unicode char U+03A8 (decimal 936)
   defining Unicode char U+03A9 (decimal 937)
   defining Unicode char U+03AA (decimal 938)
   defining Unicode char U+03AB (decimal 939)
   defining Unicode char U+03AC (decimal 940)
   defining Unicode char U+03AD (decimal 941)
   defining Unicode char U+03AE (decimal 942)
   defining Unicode char U+03AF (decimal 943)
   defining Unicode char U+03B0 (decimal 944)
   defining Unicode char U+03B1 (decimal 945)
   defining Unicode char U+03B2 (decimal 946)
   defining Unicode char U+03B3 (decimal 947)
   defining Unicode char U+03B4 (decimal 948)
   defining Unicode char U+03B5 (decimal 949)
   defining Unicode char U+03B6 (decimal 950)
   defining Unicode char U+03B7 (decimal 951)
   defining Unicode char U+03B8 (decimal 952)
   defining Unicode char U+03B9 (decimal 953)
   defining Unicode char U+03BA (decimal 954)
   defining Unicode char U+03BB (decimal 955)
   defining Unicode char U+03BC (decimal 956)
   defining Unicode char U+03BD (decimal 957)
   defining Unicode char U+03BE (decimal 958)
   defining Unicode char U+03BF (decimal 959)
   defining Unicode char U+03C0 (decimal 960)
   defining Unicode char U+03C1 (decimal 961)
   defining Unicode char U+03C2 (decimal 962)
   defining Unicode char U+03C3 (decimal 963)
   defining Unicode char U+03C4 (decimal 964)
   defining Unicode char U+03C5 (decimal 965)
   defining Unicode char U+03C6 (decimal 966)
   defining Unicode char U+03C7 (decimal 967)
   defining Unicode char U+03C8 (decimal 968)
   defining Unicode char U+03C9 (decimal 969)
   defining Unicode char U+03CA (decimal 970)
   defining Unicode char U+03CB (decimal 971)
   defining Unicode char U+03CC (decimal 972)
   defining Unicode char U+03CD (decimal 973)
   defining Unicode char U+03CE (decimal 974)
   defining Unicode char U+03D8 (decimal 984)
   defining Unicode char U+03D9 (decimal 985)
   defining Unicode char U+03DA (decimal 986)
   defining Unicode char U+03DB (decimal 987)
   defining Unicode char U+03DC (decimal 988)
   defining Unicode char U+03DD (decimal 989)
   defining Unicode char U+03DF (decimal 991)
   defining Unicode char U+03E0 (decimal 992)
   defining Unicode char U+03E1 (decimal 993)
   defining Unicode char U+1F00 (decimal 7936)
   defining Unicode char U+1F01 (decimal 7937)
   defining Unicode char U+1F02 (decimal 7938)
   defining Unicode char U+1F03 (decimal 7939)
   defining Unicode char U+1F04 (decimal 7940)
   defining Unicode char U+1F05 (decimal 7941)
   defining Unicode char U+1F06 (decimal 7942)
   defining Unicode char U+1F07 (decimal 7943)
   defining Unicode char U+1F08 (decimal 7944)
   defining Unicode char U+1F09 (decimal 7945)
   defining Unicode char U+1F0A (decimal 7946)
   defining Unicode char U+1F0B (decimal 7947)
   defining Unicode char U+1F0C (decimal 7948)
   defining Unicode char U+1F0D (decimal 7949)
   defining Unicode char U+1F0E (decimal 7950)
   defining Unicode char U+1F0F (decimal 7951)
   defining Unicode char U+1F10 (decimal 7952)
   defining Unicode char U+1F11 (decimal 7953)
   defining Unicode char U+1F12 (decimal 7954)
   defining Unicode char U+1F13 (decimal 7955)
   defining Unicode char U+1F14 (decimal 7956)
   defining Unicode char U+1F15 (decimal 7957)
   defining Unicode char U+1F18 (decimal 7960)
   defining Unicode char U+1F19 (decimal 7961)
   defining Unicode char U+1F1A (decimal 7962)
   defining Unicode char U+1F1B (decimal 7963)
   defining Unicode char U+1F1C (decimal 7964)
   defining Unicode char U+1F1D (decimal 7965)
   defining Unicode char U+1F20 (decimal 7968)
   defining Unicode char U+1F21 (decimal 7969)
   defining Unicode char U+1F22 (decimal 7970)
   defining Unicode char U+1F23 (decimal 7971)
   defining Unicode char U+1F24 (decimal 7972)
   defining Unicode char U+1F25 (decimal 7973)
   defining Unicode char U+1F26 (decimal 7974)
   defining Unicode char U+1F27 (decimal 7975)
   defining Unicode char U+1F28 (decimal 7976)
   defining Unicode char U+1F29 (decimal 7977)
   defining Unicode char U+1F2A (decimal 7978)
   defining Unicode char U+1F2B (decimal 7979)
   defining Unicode char U+1F2C (decimal 7980)
   defining Unicode char U+1F2D (decimal 7981)
   defining Unicode char U+1F2E (decimal 7982)
   defining Unicode char U+1F2F (decimal 7983)
   defining Unicode char U+1F30 (decimal 7984)
   defining Unicode char U+1F31 (decimal 7985)
   defining Unicode char U+1F32 (decimal 7986)
   defining Unicode char U+1F33 (decimal 7987)
   defining Unicode char U+1F34 (decimal 7988)
   defining Unicode char U+1F35 (decimal 7989)
   defining Unicode char U+1F36 (decimal 7990)
   defining Unicode char U+1F37 (decimal 7991)
   defining Unicode char U+1F38 (decimal 7992)
   defining Unicode char U+1F39 (decimal 7993)
   defining Unicode char U+1F3A (decimal 7994)
   defining Unicode char U+1F3B (decimal 7995)
   defining Unicode char U+1F3C (decimal 7996)
   defining Unicode char U+1F3D (decimal 7997)
   defining Unicode char U+1F3E (decimal 7998)
   defining Unicode char U+1F3F (decimal 7999)
   defining Unicode char U+1F40 (decimal 8000)
   defining Unicode char U+1F41 (decimal 8001)
   defining Unicode char U+1F42 (decimal 8002)
   defining Unicode char U+1F43 (decimal 8003)
   defining Unicode char U+1F44 (decimal 8004)
   defining Unicode char U+1F45 (decimal 8005)
   defining Unicode char U+1F48 (decimal 8008)
   defining Unicode char U+1F49 (decimal 8009)
   defining Unicode char U+1F4A (decimal 8010)
   defining Unicode char U+1F4B (decimal 8011)
   defining Unicode char U+1F4C (decimal 8012)
   defining Unicode char U+1F4D (decimal 8013)
   defining Unicode char U+1F50 (decimal 8016)
   defining Unicode char U+1F51 (decimal 8017)
   defining Unicode char U+1F52 (decimal 8018)
   defining Unicode char U+1F53 (decimal 8019)
   defining Unicode char U+1F54 (decimal 8020)
   defining Unicode char U+1F55 (decimal 8021)
   defining Unicode char U+1F56 (decimal 8022)
   defining Unicode char U+1F57 (decimal 8023)
   defining Unicode char U+1F59 (decimal 8025)
   defining Unicode char U+1F5B (decimal 8027)
   defining Unicode char U+1F5D (decimal 8029)
   defining Unicode char U+1F5F (decimal 8031)
   defining Unicode char U+1F60 (decimal 8032)
   defining Unicode char U+1F61 (decimal 8033)
   defining Unicode char U+1F62 (decimal 8034)
   defining Unicode char U+1F63 (decimal 8035)
   defining Unicode char U+1F64 (decimal 8036)
   defining Unicode char U+1F65 (decimal 8037)
   defining Unicode char U+1F66 (decimal 8038)
   defining Unicode char U+1F67 (decimal 8039)
   defining Unicode char U+1F68 (decimal 8040)
   defining Unicode char U+1F69 (decimal 8041)
   defining Unicode char U+1F6A (decimal 8042)
   defining Unicode char U+1F6B (decimal 8043)
   defining Unicode char U+1F6C (decimal 8044)
   defining Unicode char U+1F6D (decimal 8045)
   defining Unicode char U+1F6E (decimal 8046)
   defining Unicode char U+1F6F (decimal 8047)
   defining Unicode char U+1F70 (decimal 8048)
   defining Unicode char U+1F71 (decimal 8049)
   defining Unicode char U+1F72 (decimal 8050)
   defining Unicode char U+1F73 (decimal 8051)
   defining Unicode char U+1F74 (decimal 8052)
   defining Unicode char U+1F75 (decimal 8053)
   defining Unicode char U+1F76 (decimal 8054)
   defining Unicode char U+1F77 (decimal 8055)
   defining Unicode char U+1F78 (decimal 8056)
   defining Unicode char U+1F79 (decimal 8057)
   defining Unicode char U+1F7A (decimal 8058)
   defining Unicode char U+1F7B (decimal 8059)
   defining Unicode char U+1F7C (decimal 8060)
   defining Unicode char U+1F7D (decimal 8061)
   defining Unicode char U+1F80 (decimal 8064)
   defining Unicode char U+1F81 (decimal 8065)
   defining Unicode char U+1F82 (decimal 8066)
   defining Unicode char U+1F83 (decimal 8067)
   defining Unicode char U+1F84 (decimal 8068)
   defining Unicode char U+1F85 (decimal 8069)
   defining Unicode char U+1F86 (decimal 8070)
   defining Unicode char U+1F87 (decimal 8071)
   defining Unicode char U+1F88 (decimal 8072)
   defining Unicode char U+1F89 (decimal 8073)
   defining Unicode char U+1F8A (decimal 8074)
   defining Unicode char U+1F8B (decimal 8075)
   defining Unicode char U+1F8C (decimal 8076)
   defining Unicode char U+1F8D (decimal 8077)
   defining Unicode char U+1F8E (decimal 8078)
   defining Unicode char U+1F8F (decimal 8079)
   defining Unicode char U+1F90 (decimal 8080)
   defining Unicode char U+1F91 (decimal 8081)
   defining Unicode char U+1F92 (decimal 8082)
   defining Unicode char U+1F93 (decimal 8083)
   defining Unicode char U+1F94 (decimal 8084)
   defining Unicode char U+1F95 (decimal 8085)
   defining Unicode char U+1F96 (decimal 8086)
   defining Unicode char U+1F97 (decimal 8087)
   defining Unicode char U+1F98 (decimal 8088)
   defining Unicode char U+1F99 (decimal 8089)
   defining Unicode char U+1F9A (decimal 8090)
   defining Unicode char U+1F9B (decimal 8091)
   defining Unicode char U+1F9C (decimal 8092)
   defining Unicode char U+1F9D (decimal 8093)
   defining Unicode char U+1F9E (decimal 8094)
   defining Unicode char U+1F9F (decimal 8095)
   defining Unicode char U+1FA0 (decimal 8096)
   defining Unicode char U+1FA1 (decimal 8097)
   defining Unicode char U+1FA2 (decimal 8098)
   defining Unicode char U+1FA3 (decimal 8099)
   defining Unicode char U+1FA4 (decimal 8100)
   defining Unicode char U+1FA5 (decimal 8101)
   defining Unicode char U+1FA6 (decimal 8102)
   defining Unicode char U+1FA7 (decimal 8103)
   defining Unicode char U+1FA8 (decimal 8104)
   defining Unicode char U+1FA9 (decimal 8105)
   defining Unicode char U+1FAA (decimal 8106)
   defining Unicode char U+1FAB (decimal 8107)
   defining Unicode char U+1FAC (decimal 8108)
   defining Unicode char U+1FAD (decimal 8109)
   defining Unicode char U+1FAE (decimal 8110)
   defining Unicode char U+1FAF (decimal 8111)
   defining Unicode char U+1FB0 (decimal 8112)
   defining Unicode char U+1FB1 (decimal 8113)
   defining Unicode char U+1FB2 (decimal 8114)
   defining Unicode char U+1FB3 (decimal 8115)
   defining Unicode char U+1FB4 (decimal 8116)
   defining Unicode char U+1FB6 (decimal 8118)
   defining Unicode char U+1FB7 (decimal 8119)
   defining Unicode char U+1FB8 (decimal 8120)
   defining Unicode char U+1FB9 (decimal 8121)
   defining Unicode char U+1FBA (decimal 8122)
   defining Unicode char U+1FBB (decimal 8123)
   defining Unicode char U+1FBC (decimal 8124)
   defining Unicode char U+1FBD (decimal 8125)
   defining Unicode char U+1FBE (decimal 8126)
   defining Unicode char U+1FBF (decimal 8127)
   defining Unicode char U+1FC0 (decimal 8128)
   defining Unicode char U+1FC1 (decimal 8129)
   defining Unicode char U+1FC2 (decimal 8130)
   defining Unicode char U+1FC3 (decimal 8131)
   defining Unicode char U+1FC4 (decimal 8132)
   defining Unicode char U+1FC6 (decimal 8134)
   defining Unicode char U+1FC7 (decimal 8135)
   defining Unicode char U+1FC8 (decimal 8136)
   defining Unicode char U+1FC9 (decimal 8137)
   defining Unicode char U+1FCA (decimal 8138)
   defining Unicode char U+1FCB (decimal 8139)
   defining Unicode char U+1FCC (decimal 8140)
   defining Unicode char U+1FCD (decimal 8141)
   defining Unicode char U+1FCE (decimal 8142)
   defining Unicode char U+1FCF (decimal 8143)
   defining Unicode char U+1FD0 (decimal 8144)
   defining Unicode char U+1FD1 (decimal 8145)
   defining Unicode char U+1FD2 (decimal 8146)
   defining Unicode char U+1FD3 (decimal 8147)
   defining Unicode char U+1FD6 (decimal 8150)
   defining Unicode char U+1FD7 (decimal 8151)
   defining Unicode char U+1FD8 (decimal 8152)
   defining Unicode char U+1FD9 (decimal 8153)
   defining Unicode char U+1FDA (decimal 8154)
   defining Unicode char U+1FDB (decimal 8155)
   defining Unicode char U+1FDD (decimal 8157)
   defining Unicode char U+1FDE (decimal 8158)
   defining Unicode char U+1FDF (decimal 8159)
   defining Unicode char U+1FE0 (decimal 8160)
   defining Unicode char U+1FE1 (decimal 8161)
   defining Unicode char U+1FE2 (decimal 8162)
   defining Unicode char U+1FE3 (decimal 8163)
   defining Unicode char U+1FE4 (decimal 8164)
   defining Unicode char U+1FE5 (decimal 8165)
   defining Unicode char U+1FE6 (decimal 8166)
   defining Unicode char U+1FE7 (decimal 8167)
   defining Unicode char U+1FE8 (decimal 8168)
   defining Unicode char U+1FE9 (decimal 8169)
   defining Unicode char U+1FEA (decimal 8170)
   defining Unicode char U+1FEB (decimal 8171)
   defining Unicode char U+1FEC (decimal 8172)
   defining Unicode char U+1FED (decimal 8173)
   defining Unicode char U+1FEE (decimal 8174)
   defining Unicode char U+1FEF (decimal 8175)
   defining Unicode char U+1FF2 (decimal 8178)
   defining Unicode char U+1FF3 (decimal 8179)
   defining Unicode char U+1FF4 (decimal 8180)
   defining Unicode char U+1FF6 (decimal 8182)
   defining Unicode char U+1FF7 (decimal 8183)
   defining Unicode char U+1FF8 (decimal 8184)
   defining Unicode char U+1FF9 (decimal 8185)
   defining Unicode char U+1FFA (decimal 8186)
   defining Unicode char U+1FFB (decimal 8187)
   defining Unicode char U+1FFC (decimal 8188)
   defining Unicode char U+1FFD (decimal 8189)
   defining Unicode char U+1FFE (decimal 8190)
   defining Unicode char U+2013 (decimal 8211)
   defining Unicode char U+2014 (decimal 8212)
   defining Unicode char U+2018 (decimal 8216)
   defining Unicode char U+2019 (decimal 8217)
   defining Unicode char U+2030 (decimal 8240)
   defining Unicode char U+20AC (decimal 8364)
   defining Unicode char U+2126 (decimal 8486)
   defining Unicode char U+10144 (decimal 65860)
   defining Unicode char U+10145 (decimal 65861)
   defining Unicode char U+10146 (decimal 65862)
   defining Unicode char U+10147 (decimal 65863)
)
   defining Unicode char U+00A9 (decimal 169)
   defining Unicode char U+00AA (decimal 170)
   defining Unicode char U+00AE (decimal 174)
   defining Unicode char U+00BA (decimal 186)
   defining Unicode char U+02C6 (decimal 710)
   defining Unicode char U+02DC (decimal 732)
   defining Unicode char U+200C (decimal 8204)
   defining Unicode char U+2026 (decimal 8230)
   defining Unicode char U+2122 (decimal 8482)
   defining Unicode char U+2423 (decimal 9251)
)))
(/usr/share/texlive/texmf-dist/tex/latex/graphics/epsfig.sty
Package: epsfig 1999/02/16 v1.7a (e)psfig emulation (SPQR)
\epsfxsize=\dimen115
\epsfysize=\dimen116
)
(/usr/share/texlive/texmf-dist/tex/latex/tools/indentfirst.sty
Package: indentfirst 1995/11/23 v1.03 Indent first paragraph (DPC)
)
(/usr/share/texlive/texmf-dist/tex/latex/tools/verbatim.sty
Package: verbatim 2003/08/22 v1.5q LaTeX2e package for verbatim enhancements
\every@verbatim=\toks24
\verbatim@line=\toks25
\verbatim@in@stream=\read1
)
(/usr/share/texlive/texmf-dist/tex/latex/caption/subcaption.sty
Package: subcaption 2013/02/03 v1.1-62 Sub-captions (AR)

(/usr/share/texlive/texmf-dist/tex/latex/caption/caption.sty
Package: caption 2013/05/02 v3.3-89 Customizing captions (AR)

(/usr/share/texlive/texmf-dist/tex/latex/caption/caption3.sty
Package: caption3 2013/05/02 v1.6-88 caption3 kernel (AR)
Package caption3 Info: TeX engine: e-TeX on input line 57.
\captionmargin=\dimen117
\captionmargin@=\dimen118
\captionwidth=\dimen119
\caption@tempdima=\dimen120
\caption@indent=\dimen121
\caption@parindent=\dimen122
\caption@hangindent=\dimen123
)
\c@ContinuedFloat=\count129
)
\c@subfigure=\count130
\c@subtable=\count131
)
(/usr/share/texlive/texmf-dist/tex/latex/amscls/amsthm.sty
Package: amsthm 2004/08/06 v2.20
\thm@style=\toks26
\thm@bodyfont=\toks27
\thm@headfont=\toks28
\thm@notefont=\toks29
\thm@headpunct=\toks30
\thm@preskip=\skip55
\thm@postskip=\skip56
\thm@headsep=\skip57
\dth@everypar=\toks31
)
(/usr/share/texlive/texmf-dist/tex/latex/amsfonts/amssymb.sty
Package: amssymb 2013/01/14 v3.01 AMS font symbols

(/usr/share/texlive/texmf-dist/tex/latex/amsfonts/amsfonts.sty
Package: amsfonts 2013/01/14 v3.01 Basic AMSFonts support
\symAMSa=\mathgroup4
\symAMSb=\mathgroup5
LaTeX Font Info:    Overwriting math alphabet `\mathfrak' in version `bold'
(Font)                  U/euf/m/n --> U/euf/b/n on input line 106.
))
(/usr/share/texlive/texmf-dist/tex/latex/oberdiek/epstopdf.sty
Package: epstopdf 2010/02/09 v2.5 Conversion with epstopdf on the fly (HO)

(/usr/share/texlive/texmf-dist/tex/latex/oberdiek/epstopdf-base.sty
Package: epstopdf-base 2010/02/09 v2.5 Base part for package epstopdf

(/usr/share/texlive/texmf-dist/tex/latex/oberdiek/grfext.sty
Package: grfext 2010/08/19 v1.1 Manage graphics extensions (HO)

(/usr/share/texlive/texmf-dist/tex/generic/oberdiek/kvdefinekeys.sty
Package: kvdefinekeys 2011/04/07 v1.3 Define keys (HO)
))
(/usr/share/texlive/texmf-dist/tex/latex/oberdiek/kvoptions.sty
Package: kvoptions 2011/06/30 v3.11 Key value format for package options (HO)

(/usr/share/texlive/texmf-dist/tex/generic/oberdiek/kvsetkeys.sty
Package: kvsetkeys 2012/04/25 v1.16 Key value parser (HO)

(/usr/share/texlive/texmf-dist/tex/generic/oberdiek/etexcmds.sty
Package: etexcmds 2011/02/16 v1.5 Avoid name clashes with e-TeX commands (HO)

(/usr/share/texlive/texmf-dist/tex/generic/oberdiek/ifluatex.sty
Package: ifluatex 2010/03/01 v1.3 Provides the ifluatex switch (HO)
Package ifluatex Info: LuaTeX not detected.
)
Package etexcmds Info: Could not find \expanded.
(etexcmds)             That can mean that you are not using pdfTeX 1.50 or
(etexcmds)             that some package has redefined \expanded.
(etexcmds)             In the latter case, load this package earlier.
)))
(/usr/share/texlive/texmf-dist/tex/generic/oberdiek/pdftexcmds.sty
Package: pdftexcmds 2011/11/29 v0.20 Utility functions of pdfTeX for LuaTeX (HO
)

(/usr/share/texlive/texmf-dist/tex/generic/oberdiek/ifpdf.sty
Package: ifpdf 2011/01/30 v2.3 Provides the ifpdf switch (HO)
Package ifpdf Info: pdfTeX in PDF mode is detected.
)
Package pdftexcmds Info: LuaTeX not detected.
Package pdftexcmds Info: \pdf@primitive is available.
Package pdftexcmds Info: \pdf@ifprimitive is available.
Package pdftexcmds Info: \pdfdraftmode found.
)
Package grfext Info: Graphics extension search list:
(grfext)             [.png,.pdf,.jpg,.mps,.jpeg,.jbig2,.jb2,.PNG,.PDF,.JPG,.JPE
G,.JBIG2,.JB2,.eps]
(grfext)             \AppendGraphicsExtensions on input line 452.

(/usr/share/texlive/texmf-dist/tex/latex/latexconfig/epstopdf-sys.cfg
File: epstopdf-sys.cfg 2010/07/13 v1.3 Configuration of (r)epstopdf for TeX Liv
e
)))
(/usr/share/texlive/texmf-dist/tex/latex/base/latexsym.sty
Package: latexsym 1998/08/17 v2.2e Standard LaTeX package (lasy symbols)
\symlasy=\mathgroup6
LaTeX Font Info:    Overwriting symbol font `lasy' in version `bold'
(Font)                  U/lasy/m/n --> U/lasy/b/n on input line 47.
)
(/usr/share/texlive/texmf-dist/tex/latex/index/index.sty
Package: index 2004/01/20 v4.2beta Improved index support (dmj)
\@indexbox=\insert233
\indexproofstyle=\toks32


LaTeX Warning: Command \markboth  has changed.
               Check if current package is valid.


LaTeX Warning: Command \markright  has changed.
               Check if current package is valid.

) (/usr/share/texlive/texmf-dist/tex/latex/base/textcomp.sty
Package: textcomp 2005/09/27 v1.99g Standard LaTeX package
Package textcomp Info: Sub-encoding information:
(textcomp)               5 = only ISO-Adobe without \textcurrency
(textcomp)               4 = 5 + \texteuro
(textcomp)               3 = 4 + \textohm
(textcomp)               2 = 3 + \textestimated + \textcurrency
(textcomp)               1 = TS1 - \textcircled - \t
(textcomp)               0 = TS1 (full)
(textcomp)             Font families with sub-encoding setting implement
(textcomp)             only a restricted character set as indicated.
(textcomp)             Family '?' is the default used for unknown fonts.
(textcomp)             See the documentation for details.
Package textcomp Info: Setting ? sub-encoding to TS1/1 on input line 71.

(/usr/share/texlive/texmf-dist/tex/latex/base/ts1enc.def
File: ts1enc.def 2001/06/05 v3.0e (jk/car/fm) Standard LaTeX file
Now handling font encoding TS1 ...
... processing UTF-8 mapping file for font encoding TS1

(/usr/share/texlive/texmf-dist/tex/latex/base/ts1enc.dfu
File: ts1enc.dfu 2008/04/05 v1.1m UTF-8 support for inputenc
   defining Unicode char U+00A2 (decimal 162)
   defining Unicode char U+00A3 (decimal 163)
   defining Unicode char U+00A4 (decimal 164)
   defining Unicode char U+00A5 (decimal 165)
   defining Unicode char U+00A6 (decimal 166)
   defining Unicode char U+00A7 (decimal 167)
   defining Unicode char U+00A8 (decimal 168)
   defining Unicode char U+00A9 (decimal 169)
   defining Unicode char U+00AA (decimal 170)
   defining Unicode char U+00AC (decimal 172)
   defining Unicode char U+00AE (decimal 174)
   defining Unicode char U+00AF (decimal 175)
   defining Unicode char U+00B0 (decimal 176)
   defining Unicode char U+00B1 (decimal 177)
   defining Unicode char U+00B2 (decimal 178)
   defining Unicode char U+00B3 (decimal 179)
   defining Unicode char U+00B4 (decimal 180)
   defining Unicode char U+00B5 (decimal 181)
   defining Unicode char U+00B6 (decimal 182)
   defining Unicode char U+00B7 (decimal 183)
   defining Unicode char U+00B9 (decimal 185)
   defining Unicode char U+00BA (decimal 186)
   defining Unicode char U+00BC (decimal 188)
   defining Unicode char U+00BD (decimal 189)
   defining Unicode char U+00BE (decimal 190)
   defining Unicode char U+00D7 (decimal 215)
   defining Unicode char U+00F7 (decimal 247)
   defining Unicode char U+0192 (decimal 402)
   defining Unicode char U+02C7 (decimal 711)
   defining Unicode char U+02D8 (decimal 728)
   defining Unicode char U+02DD (decimal 733)
   defining Unicode char U+0E3F (decimal 3647)
   defining Unicode char U+2016 (decimal 8214)
   defining Unicode char U+2020 (decimal 8224)
   defining Unicode char U+2021 (decimal 8225)
   defining Unicode char U+2022 (decimal 8226)
   defining Unicode char U+2030 (decimal 8240)
   defining Unicode char U+2031 (decimal 8241)
   defining Unicode char U+203B (decimal 8251)
   defining Unicode char U+203D (decimal 8253)
   defining Unicode char U+2044 (decimal 8260)
   defining Unicode char U+204E (decimal 8270)
   defining Unicode char U+2052 (decimal 8274)
   defining Unicode char U+20A1 (decimal 8353)
   defining Unicode char U+20A4 (decimal 8356)
   defining Unicode char U+20A6 (decimal 8358)
   defining Unicode char U+20A9 (decimal 8361)
   defining Unicode char U+20AB (decimal 8363)
   defining Unicode char U+20AC (decimal 8364)
   defining Unicode char U+20B1 (decimal 8369)
   defining Unicode char U+2103 (decimal 8451)
   defining Unicode char U+2116 (decimal 8470)
   defining Unicode char U+2117 (decimal 8471)
   defining Unicode char U+211E (decimal 8478)
   defining Unicode char U+2120 (decimal 8480)
   defining Unicode char U+2122 (decimal 8482)
   defining Unicode char U+2126 (decimal 8486)
   defining Unicode char U+2127 (decimal 8487)
   defining Unicode char U+212E (decimal 8494)
   defining Unicode char U+2190 (decimal 8592)
   defining Unicode char U+2191 (decimal 8593)
   defining Unicode char U+2192 (decimal 8594)
   defining Unicode char U+2193 (decimal 8595)
   defining Unicode char U+2329 (decimal 9001)
   defining Unicode char U+232A (decimal 9002)
   defining Unicode char U+2422 (decimal 9250)
   defining Unicode char U+25E6 (decimal 9702)
   defining Unicode char U+25EF (decimal 9711)
   defining Unicode char U+266A (decimal 9834)
))
LaTeX Info: Redefining \oldstylenums on input line 266.
Package textcomp Info: Setting cmr sub-encoding to TS1/0 on input line 281.
Package textcomp Info: Setting cmss sub-encoding to TS1/0 on input line 282.
Package textcomp Info: Setting cmtt sub-encoding to TS1/0 on input line 283.
Package textcomp Info: Setting cmvtt sub-encoding to TS1/0 on input line 284.
Package textcomp Info: Setting cmbr sub-encoding to TS1/0 on input line 285.
Package textcomp Info: Setting cmtl sub-encoding to TS1/0 on input line 286.
Package textcomp Info: Setting ccr sub-encoding to TS1/0 on input line 287.
Package textcomp Info: Setting ptm sub-encoding to TS1/4 on input line 288.
Package textcomp Info: Setting pcr sub-encoding to TS1/4 on input line 289.
Package textcomp Info: Setting phv sub-encoding to TS1/4 on input line 290.
Package textcomp Info: Setting ppl sub-encoding to TS1/3 on input line 291.
Package textcomp Info: Setting pag sub-encoding to TS1/4 on input line 292.
Package textcomp Info: Setting pbk sub-encoding to TS1/4 on input line 293.
Package textcomp Info: Setting pnc sub-encoding to TS1/4 on input line 294.
Package textcomp Info: Setting pzc sub-encoding to TS1/4 on input line 295.
Package textcomp Info: Setting bch sub-encoding to TS1/4 on input line 296.
Package textcomp Info: Setting put sub-encoding to TS1/5 on input line 297.
Package textcomp Info: Setting uag sub-encoding to TS1/5 on input line 298.
Package textcomp Info: Setting ugq sub-encoding to TS1/5 on input line 299.
Package textcomp Info: Setting ul8 sub-encoding to TS1/4 on input line 300.
Package textcomp Info: Setting ul9 sub-encoding to TS1/4 on input line 301.
Package textcomp Info: Setting augie sub-encoding to TS1/5 on input line 302.
Package textcomp Info: Setting dayrom sub-encoding to TS1/3 on input line 303.
Package textcomp Info: Setting dayroms sub-encoding to TS1/3 on input line 304.

Package textcomp Info: Setting pxr sub-encoding to TS1/0 on input line 305.
Package textcomp Info: Setting pxss sub-encoding to TS1/0 on input line 306.
Package textcomp Info: Setting pxtt sub-encoding to TS1/0 on input line 307.
Package textcomp Info: Setting txr sub-encoding to TS1/0 on input line 308.
Package textcomp Info: Setting txss sub-encoding to TS1/0 on input line 309.
Package textcomp Info: Setting txtt sub-encoding to TS1/0 on input line 310.
Package textcomp Info: Setting lmr sub-encoding to TS1/0 on input line 311.
Package textcomp Info: Setting lmdh sub-encoding to TS1/0 on input line 312.
Package textcomp Info: Setting lmss sub-encoding to TS1/0 on input line 313.
Package textcomp Info: Setting lmssq sub-encoding to TS1/0 on input line 314.
Package textcomp Info: Setting lmvtt sub-encoding to TS1/0 on input line 315.
Package textcomp Info: Setting qhv sub-encoding to TS1/0 on input line 316.
Package textcomp Info: Setting qag sub-encoding to TS1/0 on input line 317.
Package textcomp Info: Setting qbk sub-encoding to TS1/0 on input line 318.
Package textcomp Info: Setting qcr sub-encoding to TS1/0 on input line 319.
Package textcomp Info: Setting qcs sub-encoding to TS1/0 on input line 320.
Package textcomp Info: Setting qpl sub-encoding to TS1/0 on input line 321.
Package textcomp Info: Setting qtm sub-encoding to TS1/0 on input line 322.
Package textcomp Info: Setting qzc sub-encoding to TS1/0 on input line 323.
Package textcomp Info: Setting qhvc sub-encoding to TS1/0 on input line 324.
Package textcomp Info: Setting futs sub-encoding to TS1/4 on input line 325.
Package textcomp Info: Setting futx sub-encoding to TS1/4 on input line 326.
Package textcomp Info: Setting futj sub-encoding to TS1/4 on input line 327.
Package textcomp Info: Setting hlh sub-encoding to TS1/3 on input line 328.
Package textcomp Info: Setting hls sub-encoding to TS1/3 on input line 329.
Package textcomp Info: Setting hlst sub-encoding to TS1/3 on input line 330.
Package textcomp Info: Setting hlct sub-encoding to TS1/5 on input line 331.
Package textcomp Info: Setting hlx sub-encoding to TS1/5 on input line 332.
Package textcomp Info: Setting hlce sub-encoding to TS1/5 on input line 333.
Package textcomp Info: Setting hlcn sub-encoding to TS1/5 on input line 334.
Package textcomp Info: Setting hlcw sub-encoding to TS1/5 on input line 335.
Package textcomp Info: Setting hlcf sub-encoding to TS1/5 on input line 336.
Package textcomp Info: Setting pplx sub-encoding to TS1/3 on input line 337.
Package textcomp Info: Setting pplj sub-encoding to TS1/3 on input line 338.
Package textcomp Info: Setting ptmx sub-encoding to TS1/4 on input line 339.
Package textcomp Info: Setting ptmj sub-encoding to TS1/4 on input line 340.
)
(/usr/share/texlive/texmf-dist/tex/latex/url/url.sty
\Urlmuskip=\muskip11
Package: url 2013/09/16  ver 3.4  Verb mode for urls, etc.
)
(/usr/share/texlive/texmf-dist/tex/latex/tools/array.sty
Package: array 2008/09/09 v2.4c Tabular extension package (FMi)
\col@sep=\dimen124
\extrarowheight=\dimen125
\NC@list=\toks33
\extratabsurround=\skip58
\backup@length=\skip59
)
(/usr/share/texlive/texmf-dist/tex/latex/algorithms/algorithm.sty
Package: algorithm 2009/08/24 v0.1 Document Style `algorithm' - floating enviro
nment

(/usr/share/texlive/texmf-dist/tex/latex/float/float.sty
Package: float 2001/11/08 v1.3d Float enhancements (AL)
\c@float@type=\count132
\float@exts=\toks34
\float@box=\box28
\@float@everytoks=\toks35
\@floatcapt=\box29
)
\@float@every@algorithm=\toks36
\c@algorithm=\count133
)
(/usr/share/texlive/texmf-dist/tex/latex/algorithms/algorithmic.sty
Package: algorithmic 2009/08/24 v0.1 Document Style `algorithmic'
\c@ALC@unique=\count134
\c@ALC@line=\count135
\c@ALC@rem=\count136
\c@ALC@depth=\count137
\ALC@tlm=\skip60
\algorithmicindent=\skip61
)
(/usr/share/texlive/texmf-dist/tex/latex/tools/afterpage.sty
Package: afterpage 1995/10/27 v1.08 After-Page Package (DPC)
\AP@output=\toks37
\AP@partial=\box30
\AP@footins=\box31
)
(/usr/share/texlive/texmf-dist/tex/latex/bbm-macros/bbm.sty
Package: bbm 1999/03/15 V 1.2 provides fonts for set symbols - TH
LaTeX Font Info:    Overwriting math alphabet `\mathbbm' in version `bold'
(Font)                  U/bbm/m/n --> U/bbm/bx/n on input line 33.
LaTeX Font Info:    Overwriting math alphabet `\mathbbmss' in version `bold'
(Font)                  U/bbmss/m/n --> U/bbmss/bx/n on input line 35.
)
(/usr/share/texlive/texmf-dist/tex/latex/multirow/multirow.sty
\bigstrutjot=\dimen126
)
(/usr/share/texlive/texmf-dist/tex/latex/tools/longtable.sty
Package: longtable 2004/02/01 v4.11 Multi-page Table package (DPC)
\LTleft=\skip62
\LTright=\skip63
\LTpre=\skip64
\LTpost=\skip65
\LTchunksize=\count138
\LTcapwidth=\dimen127
\LT@head=\box32
\LT@firsthead=\box33
\LT@foot=\box34
\LT@lastfoot=\box35
\LT@cols=\count139
\LT@rows=\count140
\c@LT@tables=\count141
\c@LT@chunks=\count142
\LT@p@ftn=\toks38
)
(/usr/share/texlive/texmf-dist/tex/latex/tabu/tabu.sty
Package: tabu 2011/02/26 v2.8 - flexible LaTeX tabulars (FC)

(/usr/share/texlive/texmf-dist/tex/latex/varwidth/varwidth.sty
Package: varwidth 2009/03/30 ver 0.92;  Variable-width minipages
\@vwid@box=\box36
\sift@deathcycles=\count143
\@vwid@loff=\dimen128
\@vwid@roff=\dimen129
)
\c@taburow=\count144
\tabu@nbcols=\count145
\tabu@cnt=\count146
\tabu@Xcol=\count147
\tabu@alloc=\count148
\tabu@nested=\count149
\tabu@target=\dimen130
\tabu@spreadtarget=\dimen131
\tabu@naturalX=\dimen132
\tabucolX=\dimen133
\tabu@Xsum=\dimen134
\extrarowdepth=\dimen135
\abovetabulinesep=\dimen136
\belowtabulinesep=\dimen137
\tabustrutrule=\dimen138
\tabu@thebody=\toks39
\tabu@footnotes=\toks40
\tabu@box=\box37
\tabu@arstrutbox=\box38
\tabu@hleads=\box39
\tabu@vleads=\box40
\tabu@cellskip=\skip66
)
\idxtitle@default=\toks41
\tf@default=\write3
\openout3 = `main.idx'.

Package index Info: Writing index file main.idx on input line 37.
\idxtitle@en=\toks42
\tf@en=\write4
\openout4 = `main.edx'.

Package index Info: Writing index file main.edx on input line 38.
\c@definition=\count150
\c@proposition=\count151
\c@theorem=\count152
\c@corollary=\count153
\c@lemma=\count154
\c@example=\count155
\c@remark=\count156
\c@notation=\count157
\c@law=\count158
LaTeX Font Info:    Try loading font information for LGR+cmr on input line 122.


(/usr/share/texlive/texmf-dist/tex/latex/cbfonts-fd/lgrcmr.fd
File: lgrcmr.fd 2013/09/01 v1.0 Greek European Computer Regular
) (./main.aux
(./abstract.aux)

LaTeX Warning: Label `fig:betadays' multiply defined.


LaTeX Warning: Label `sub@fig:betadays' multiply defined.


LaTeX Warning: Label `fig:linearFPRintensity' multiply defined.


LaTeX Warning: Label `sub@fig:linearFPRintensity' multiply defined.

(./glossary.aux))
\openout1 = `main.aux'.

LaTeX Font Info:    Checking defaults for OML/cmm/m/it on input line 133.
LaTeX Font Info:    ... okay on input line 133.
LaTeX Font Info:    Checking defaults for T1/cmr/m/n on input line 133.
LaTeX Font Info:    ... okay on input line 133.
LaTeX Font Info:    Checking defaults for OT1/cmr/m/n on input line 133.
LaTeX Font Info:    ... okay on input line 133.
LaTeX Font Info:    Checking defaults for OMS/cmsy/m/n on input line 133.
LaTeX Font Info:    ... okay on input line 133.
LaTeX Font Info:    Checking defaults for OMX/cmex/m/n on input line 133.
LaTeX Font Info:    ... okay on input line 133.
LaTeX Font Info:    Checking defaults for U/cmr/m/n on input line 133.
LaTeX Font Info:    ... okay on input line 133.
LaTeX Font Info:    Checking defaults for LGR/cmr/m/n on input line 133.
LaTeX Font Info:    ... okay on input line 133.
LaTeX Font Info:    Checking defaults for TS1/cmr/m/n on input line 133.
LaTeX Font Info:    Try loading font information for TS1+cmr on input line 133.

 (/usr/share/texlive/texmf-dist/tex/latex/base/ts1cmr.fd
File: ts1cmr.fd 1999/05/25 v2.5h Standard LaTeX font definitions
)
LaTeX Font Info:    ... okay on input line 133.

(/usr/share/texlive/texmf-dist/tex/context/base/supp-pdf.mkii
[Loading MPS to PDF converter (version 2006.09.02).]
\scratchcounter=\count159
\scratchdimen=\dimen139
\scratchbox=\box41
\nofMPsegments=\count160
\nofMParguments=\count161
\everyMPshowfont=\toks43
\MPscratchCnt=\count162
\MPscratchDim=\dimen140
\MPnumerator=\count163
\makeMPintoPDFobject=\count164
\everyMPtoPDFconversion=\toks44
)
Package caption Info: Begin \AtBeginDocument code.
Package caption Info: float package is loaded.
Package caption Info: longtable package is loaded.
 (/usr/share/texlive/texmf-dist/tex/latex/caption/ltcaption.sty
Package: ltcaption 2013/02/03 v1.3-62 longtable captions (AR)
)
Package caption Info: End \AtBeginDocument code.
Package epstopdf Info: Source file: <pyrforos.eps>
(epstopdf)                    date: 2017-09-20 11:02:53
(epstopdf)                    size: 30679 bytes
(epstopdf)             Output file: <pyrforos-eps-converted-to.pdf>
(epstopdf)                    date: 2017-09-20 11:02:53
(epstopdf)                    size: 4473 bytes
(epstopdf)             Command: <repstopdf --outfile=pyrforos-eps-converted-to.
pdf pyrforos.eps>
(epstopdf)             \includegraphics on input line 135.
Package epstopdf Info: Output file is already uptodate.

<pyrforos-eps-converted-to.pdf, id=1, 240.9pt x 240.9pt>
File: pyrforos-eps-converted-to.pdf Graphic file (type pdf)

<use pyrforos-eps-converted-to.pdf>
Package pdftex.def Info: pyrforos-eps-converted-to.pdf used on input line 135.
(pdftex.def)             Requested size: 71.13188pt x 71.13104pt.
LaTeX Font Info:    Try loading font information for U+msa on input line 135.

(/usr/share/texlive/texmf-dist/tex/latex/amsfonts/umsa.fd
File: umsa.fd 2013/01/14 v3.01 AMS symbols A
)
LaTeX Font Info:    Try loading font information for U+msb on input line 135.

(/usr/share/texlive/texmf-dist/tex/latex/amsfonts/umsb.fd
File: umsb.fd 2013/01/14 v3.01 AMS symbols B
)
LaTeX Font Info:    Try loading font information for U+lasy on input line 135.

(/usr/share/texlive/texmf-dist/tex/latex/base/ulasy.fd
File: ulasy.fd 1998/08/17 v2.2e LaTeX symbol font definitions
) [1


{/var/lib/texmf/fonts/map/pdftex/updmap/pdftex.map} <./pyrforos-eps-converted-t
o.pdf>] [2

]
Package epstopdf Info: Source file: <pyrforos.eps>
(epstopdf)                    date: 2017-09-20 11:02:53
(epstopdf)                    size: 30679 bytes
(epstopdf)             Output file: <pyrforos-eps-converted-to.pdf>
(epstopdf)                    date: 2017-09-20 11:02:53
(epstopdf)                    size: 4473 bytes
(epstopdf)             Command: <repstopdf --outfile=pyrforos-eps-converted-to.
pdf pyrforos.eps>
(epstopdf)             \includegraphics on input line 135.
Package epstopdf Info: Output file is already uptodate.
File: pyrforos-eps-converted-to.pdf Graphic file (type pdf)

<use pyrforos-eps-converted-to.pdf>
Package pdftex.def Info: pyrforos-eps-converted-to.pdf used on input line 135.
(pdftex.def)             Requested size: 56.9055pt x 56.90556pt.

Overfull \hbox (17.0pt too wide) in paragraph at lines 135--135
[]$[]$ 
 []

[3]
Underfull \hbox (badness 10000) in paragraph at lines 135--135

 []


Underfull \hbox (badness 10000) in paragraph at lines 135--135

 []


Overfull \hbox (17.0pt too wide) in paragraph at lines 135--135
[][] 
 []

[4]
Package epstopdf Info: Source file: <pyrforos.eps>
(epstopdf)                    date: 2017-09-20 11:02:53
(epstopdf)                    size: 30679 bytes
(epstopdf)             Output file: <pyrforos-eps-converted-to.pdf>
(epstopdf)                    date: 2017-09-20 11:02:53
(epstopdf)                    size: 4473 bytes
(epstopdf)             Command: <repstopdf --outfile=pyrforos-eps-converted-to.
pdf pyrforos.eps>
(epstopdf)             \includegraphics on input line 135.
Package epstopdf Info: Output file is already uptodate.
File: pyrforos-eps-converted-to.pdf Graphic file (type pdf)
 <use pyrforos-eps-converted-to.pdf>
Package pdftex.def Info: pyrforos-eps-converted-to.pdf used on input line 135.
(pdftex.def)             Requested size: 56.9055pt x 56.90556pt.

Underfull \hbox (badness 10000) in paragraph at lines 135--135

 []

[5

] [6

]
\openout2 = `abstract.aux'.

 (./abstract.tex [1



] [2

] [3] [4

]) [5] [6


] (./main.toc [7] [8]
LaTeX Info: Redefining \anw@print on input line 182.
)
\tf@toc=\write5
\openout5 = `main.toc'.

 [9]
[10

] (./main.lof)
\tf@lof=\write6
\openout6 = `main.lof'.

 [11] [12

] (./main.lot [13]
LaTeX Info: Redefining \anw@print on input line 127.
LaTeX Info: Redefining \anw@print on input line 128.
LaTeX Info: Redefining \anw@print on input line 131.
LaTeX Info: Redefining \anw@print on input line 132.
LaTeX Info: Redefining \anw@print on input line 133.
LaTeX Info: Redefining \anw@print on input line 134.
LaTeX Info: Redefining \anw@print on input line 135.
)
\tf@lot=\write7
\openout7 = `main.lot'.

 [14]
\textKappa \textepsilon \textphi \acctonos \textalpha \textlambda \textalpha \t
extiota \textomicron  1.
(./chapters/chapter01.tex [15

]
Underfull \vbox (badness 10000) has occurred while \output is active []

 [16]
[17] [18]) [19] [20

]
\textKappa \textepsilon \textphi \acctonos \textalpha \textlambda \textalpha \t
extiota \textomicron  2.
(./chapters/chapter02.tex
Underfull \hbox (badness 10000) in paragraph at lines 1--2

 []

[21] [22] [23]
Underfull \hbox (badness 10000) in paragraph at lines 23--24

 []


Overfull \hbox (39.16005pt too wide) in paragraph at lines 31--31
 []\LGR/cmr/bx/n/10.95 Pragmatik
 []


Overfull \hbox (1.8372pt too wide) in paragraph at lines 34--34
\OT1/cmr/m/n/10.95 Negative 
 []


Overfull \hbox (6.55943pt too wide) in paragraph at lines 35--35
[]\LGR/cmr/m/n/10.95 enNegative 
 []

[24]) [25] [26

]
\textKappa \textepsilon \textphi \acctonos \textalpha \textlambda \textalpha \t
extiota \textomicron  3.
(./chapters/chapter03.tex
Underfull \vbox (badness 10000) has occurred while \output is active []

 [27]
LaTeX Info: Redefining \anw@print on input line 44.
LaTeX Info: Redefining \anw@print on input line 44.
LaTeX Info: Redefining \anw@print on input line 44.
LaTeX Info: Redefining \anw@print on input line 44.

Overfull \hbox (68.76778pt too wide) in paragraph at lines 52--64
[][] 
 []

LaTeX Info: Redefining \anw@print on input line 64.
LaTeX Info: Redefining \anw@print on input line 64.
LaTeX Info: Redefining \anw@print on input line 64.
LaTeX Info: Redefining \anw@print on input line 64.

Underfull \hbox (badness 2229) in paragraph at lines 64--64
[]\LGR/cmr/m/n/10 (b) |Su-sta-do-po-h-sh sta e-tsia dia-
 []

LaTeX Info: Redefining \anw@print on input line 70.
LaTeX Info: Redefining \anw@print on input line 70.
[28]
<../../plots/Consumption_Analysis/gr_cluster_form.png, id=139, 1445.4pt x 732.4
8656pt>
File: ../../plots/Consumption_Analysis/gr_cluster_form.png Graphic file (type p
ng)
 <use ../../plots/Consumption_Analysis/gr_cluster_form.png>
Package pdftex.def Info: ../../plots/Consumption_Analysis/gr_cluster_form.png u
sed on input line 75.
(pdftex.def)             Requested size: 512.13914pt x 284.52856pt.

Overfull \hbox (85.34781pt too wide) in paragraph at lines 75--76
 [][] 
 []

[29 <../../plots/Consumption_Analysis/gr_cluster_form.png (PNG copy)>]
<../../plots/Consumption_Analysis/gr_cluster_cons_level.png, id=144, 1445.4pt x
 732.48656pt>
File: ../../plots/Consumption_Analysis/gr_cluster_cons_level.png Graphic file (
type png)
 <use ../../plots/Consumption_Analysis/gr_cluster_cons_level.png>
Package pdftex.def Info: ../../plots/Consumption_Analysis/gr_cluster_cons_level
.png used on input line 90.
(pdftex.def)             Requested size: 512.13914pt x 284.52856pt.

Overfull \hbox (85.34781pt too wide) in paragraph at lines 90--91
 [][] 
 []

[30 <../../plots/Consumption_Analysis/gr_cluster_cons_level.png (PNG copy)>]
[31]
<../../plots/Consumption_Analysis/gr_hist_mean_days.png, id=152, 1927.2pt x 976
.64874pt>
File: ../../plots/Consumption_Analysis/gr_hist_mean_days.png Graphic file (type
 png)
 <use ../../plots/Consumption_Analysis/gr_hist_mean_days.png>
Package pdftex.def Info: ../../plots/Consumption_Analysis/gr_hist_mean_days.png
 used on input line 117.
(pdftex.def)             Requested size: 256.07324pt x 142.2587pt.

Overfull \hbox (85.35931pt too wide) in paragraph at lines 117--118
[][] 
 []

LaTeX Info: Redefining \anw@print on input line 118.
LaTeX Info: Redefining \anw@print on input line 118.
LaTeX Info: Redefining \anw@print on input line 118.
LaTeX Info: Redefining \anw@print on input line 118.

<../../plots/Consumption_Analysis/gr_hist_std_days.png, id=153, 1927.2pt x 976.
64874pt>
File: ../../plots/Consumption_Analysis/gr_hist_std_days.png Graphic file (type 
png)
 <use ../../plots/Consumption_Analysis/gr_hist_std_days.png>
Package pdftex.def Info: ../../plots/Consumption_Analysis/gr_hist_std_days.png 
used on input line 123.
(pdftex.def)             Requested size: 256.07324pt x 142.2587pt.

Overfull \hbox (85.35931pt too wide) in paragraph at lines 123--124
[][] 
 []

LaTeX Info: Redefining \anw@print on input line 124.
LaTeX Info: Redefining \anw@print on input line 124.
LaTeX Info: Redefining \anw@print on input line 124.
LaTeX Info: Redefining \anw@print on input line 124.

<../../plots/Consumption_Analysis/gr_hist_mean_year.png, id=154, 1927.2pt x 976
.64874pt>
File: ../../plots/Consumption_Analysis/gr_hist_mean_year.png Graphic file (type
 png)
 <use ../../plots/Consumption_Analysis/gr_hist_mean_year.png>
Package pdftex.def Info: ../../plots/Consumption_Analysis/gr_hist_mean_year.png
 used on input line 130.
(pdftex.def)             Requested size: 256.07324pt x 142.2587pt.

Overfull \hbox (85.35931pt too wide) in paragraph at lines 130--131
[][] 
 []

LaTeX Info: Redefining \anw@print on input line 131.
LaTeX Info: Redefining \anw@print on input line 131.
LaTeX Info: Redefining \anw@print on input line 131.
LaTeX Info: Redefining \anw@print on input line 131.

<../../plots/Consumption_Analysis/gr_hist_std_year.png, id=155, 1927.2pt x 976.
64874pt>
File: ../../plots/Consumption_Analysis/gr_hist_std_year.png Graphic file (type 
png)
 <use ../../plots/Consumption_Analysis/gr_hist_std_year.png>
Package pdftex.def Info: ../../plots/Consumption_Analysis/gr_hist_std_year.png 
used on input line 136.
(pdftex.def)             Requested size: 256.07324pt x 142.2587pt.

Overfull \hbox (85.35931pt too wide) in paragraph at lines 136--137
[][] 
 []

LaTeX Info: Redefining \anw@print on input line 137.
LaTeX Info: Redefining \anw@print on input line 137.
LaTeX Info: Redefining \anw@print on input line 137.
LaTeX Info: Redefining \anw@print on input line 137.

Underfull \hbox (badness 10000) in paragraph at lines 116--140
[][]  []
 []

LaTeX Info: Redefining \anw@print on input line 144.
LaTeX Info: Redefining \anw@print on input line 144.
LaTeX Info: Redefining \anw@print on input line 144.
LaTeX Info: Redefining \anw@print on input line 144.

Underfull \vbox (badness 10000) has occurred while \output is active []

 [32 <../../plots/Consumption_Analysis/gr_hist_mean_days.png> <../../plots/Cons
umption_Analysis/gr_hist_std_days.png> <../../plots/Consumption_Analysis/gr_his
t_mean_year.png> <../../plots/Consumption_Analysis/gr_hist_std_year.png>]

LaTeX Warning: Command \textBeta invalid in math mode on input line 150.

LaTeX Info: Redefining \anw@print on input line 152.
LaTeX Info: Redefining \anw@print on input line 152.
LaTeX Info: Redefining \anw@print on input line 152.
LaTeX Info: Redefining \anw@print on input line 152.

Overfull \hbox (7.55942pt too wide) in paragraph at lines 152--153
[]\LGR/cmr/m/n/10.95 Gia thn pro-sg-gi-sh twn sqh-mtwn 3.3a[] kai 3.3b[] qr
h-si-mo-poi-jh-kan oi ka-ta-no-mc $\OML/cmm/m/it/10.95 Beta\OT1/cmr/m/n/10.95
 (2\OML/cmm/m/it/10.95 ; \OT1/cmr/m/n/10.95 4)$
 []


<../../plots/Consumption_Analysis/beta_days_plot.png, id=159, 421.575pt x 316.1
8124pt>
File: ../../plots/Consumption_Analysis/beta_days_plot.png Graphic file (type pn
g)
 <use ../../plots/Consumption_Analysis/beta_days_plot.png>
Package pdftex.def Info: ../../plots/Consumption_Analysis/beta_days_plot.png us
ed on input line 156.
(pdftex.def)             Requested size: 199.1695pt x 142.26576pt.
LaTeX Info: Redefining \anw@print on input line 157.
LaTeX Info: Redefining \anw@print on input line 157.
LaTeX Info: Redefining \anw@print on input line 157.
LaTeX Info: Redefining \anw@print on input line 157.
LaTeX Info: Redefining \anw@print on input line 157.
LaTeX Info: Redefining \anw@print on input line 157.
LaTeX Info: Redefining \anw@print on input line 157.
LaTeX Info: Redefining \anw@print on input line 157.

<../../plots/Consumption_Analysis/beta_year_plot.png, id=160, 421.575pt x 316.1
8124pt>
File: ../../plots/Consumption_Analysis/beta_year_plot.png Graphic file (type pn
g)
 <use ../../plots/Consumption_Analysis/beta_year_plot.png>
Package pdftex.def Info: ../../plots/Consumption_Analysis/beta_year_plot.png us
ed on input line 162.
(pdftex.def)             Requested size: 199.1695pt x 142.26576pt.
LaTeX Info: Redefining \anw@print on input line 163.
LaTeX Info: Redefining \anw@print on input line 163.
LaTeX Info: Redefining \anw@print on input line 163.
LaTeX Info: Redefining \anw@print on input line 163.
LaTeX Info: Redefining \anw@print on input line 163.
LaTeX Info: Redefining \anw@print on input line 163.
LaTeX Info: Redefining \anw@print on input line 163.
LaTeX Info: Redefining \anw@print on input line 163.

Overfull \hbox (13.2647pt too wide) in paragraph at lines 155--166
[][]  [] 
 []

LaTeX Info: Redefining \anw@print on input line 176.
LaTeX Info: Redefining \anw@print on input line 176.
LaTeX Info: Redefining \anw@print on input line 176.
LaTeX Info: Redefining \anw@print on input line 176.

Underfull \vbox (badness 1622) has occurred while \output is active []

 [33 <../../plots/Consumption_Analysis/beta_days_plot.png (PNG copy)> <../../pl
ots/Consumption_Analysis/beta_year_plot.png (PNG copy)>]
<../../plots/Trend_estimation/gr_quadratic_Trend_ALL.png, id=168, 1927.2pt x 97
6.64874pt>
File: ../../plots/Trend_estimation/gr_quadratic_Trend_ALL.png Graphic file (typ
e png)
 <use ../../plots/Trend_estimation/gr_quadratic_Trend_ALL.png>
Package pdftex.def Info: ../../plots/Trend_estimation/gr_quadratic_Trend_ALL.pn
g used on input line 200.
(pdftex.def)             Requested size: 512.1465pt x 284.53229pt.

Overfull \hbox (85.35516pt too wide) in paragraph at lines 200--201
 [][] 
 []

[34]
<../../plots/Trend_estimation/seasonal_1.png, id=172, 1445.4pt x 732.48656pt>
File: ../../plots/Trend_estimation/seasonal_1.png Graphic file (type png)

<use ../../plots/Trend_estimation/seasonal_1.png>
Package pdftex.def Info: ../../plots/Trend_estimation/seasonal_1.png used on in
put line 223.
(pdftex.def)             Requested size: 512.13914pt x 284.52856pt.

Overfull \hbox (85.34781pt too wide) in paragraph at lines 223--224
 [][] 
 []

<../../plots/Trend_estimation/seasonal_2.png, id=174, 1927.2pt x 976.64874pt>
File: ../../plots/Trend_estimation/seasonal_2.png Graphic file (type png)

<use ../../plots/Trend_estimation/seasonal_2.png>
Package pdftex.def Info: ../../plots/Trend_estimation/seasonal_2.png used on in
put line 229.
(pdftex.def)             Requested size: 512.1465pt x 284.53229pt.

Overfull \hbox (85.35516pt too wide) in paragraph at lines 229--230
 [][] 
 []

<../../plots/Trend_estimation/seasonal_3.png, id=175, 1927.2pt x 976.64874pt>
File: ../../plots/Trend_estimation/seasonal_3.png Graphic file (type png)

<use ../../plots/Trend_estimation/seasonal_3.png>
Package pdftex.def Info: ../../plots/Trend_estimation/seasonal_3.png used on in
put line 235.
(pdftex.def)             Requested size: 512.1465pt x 284.53229pt.

Overfull \hbox (85.35516pt too wide) in paragraph at lines 235--236
 [][] 
 []

<../../plots/Trend_estimation/seasonal_4.png, id=176, 1927.2pt x 976.64874pt>
File: ../../plots/Trend_estimation/seasonal_4.png Graphic file (type png)

<use ../../plots/Trend_estimation/seasonal_4.png>
Package pdftex.def Info: ../../plots/Trend_estimation/seasonal_4.png used on in
put line 241.
(pdftex.def)             Requested size: 512.1465pt x 284.53229pt.

Overfull \hbox (85.35516pt too wide) in paragraph at lines 241--242
 [][] 
 []

[35 <../../plots/Trend_estimation/gr_quadratic_Trend_ALL.png>]

LaTeX Warning: Text page 36 contains only floats.

[36 <../../plots/Trend_estimation/seasonal_1.png> <../../plots/Trend_estimation
/seasonal_2.png>]

LaTeX Warning: Text page 37 contains only floats.

[37 <../../plots/Trend_estimation/seasonal_3.png> <../../plots/Trend_estimation
/seasonal_4.png>]
<../../plots/Trend_estimation/seasonal_month_ALL.png, id=188, 1927.2pt x 976.64
874pt>
File: ../../plots/Trend_estimation/seasonal_month_ALL.png Graphic file (type pn
g)
 <use ../../plots/Trend_estimation/seasonal_month_ALL.png>
Package pdftex.def Info: ../../plots/Trend_estimation/seasonal_month_ALL.png us
ed on input line 259.
(pdftex.def)             Requested size: 512.1465pt x 284.53229pt.

Overfull \hbox (85.35516pt too wide) in paragraph at lines 259--260
 [][] 
 []

[38 <../../plots/Trend_estimation/seasonal_month_ALL.png>] [39]
<../../plots/Trend_estimation/Deseasonalized_ALL.png, id=195, 1927.2pt x 976.64
874pt>
File: ../../plots/Trend_estimation/Deseasonalized_ALL.png Graphic file (type pn
g)
 <use ../../plots/Trend_estimation/Deseasonalized_ALL.png>
Package pdftex.def Info: ../../plots/Trend_estimation/Deseasonalized_ALL.png us
ed on input line 277.
(pdftex.def)             Requested size: 512.1465pt x 284.53229pt.

Overfull \hbox (85.35516pt too wide) in paragraph at lines 277--278
 [][] 
 []


<../../plots/Trend_estimation/Deseasonalized_month_ALL.png, id=196, 1927.2pt x 
976.64874pt>
File: ../../plots/Trend_estimation/Deseasonalized_month_ALL.png Graphic file (t
ype png)
 <use ../../plots/Trend_estimation/Deseasonalized_month_ALL.png>
Package pdftex.def Info: ../../plots/Trend_estimation/Deseasonalized_month_ALL.
png used on input line 284.
(pdftex.def)             Requested size: 512.1465pt x 284.53229pt.

Overfull \hbox (85.35516pt too wide) in paragraph at lines 284--285
 [][] 
 []

[40 <../../plots/Trend_estimation/Deseasonalized_ALL.png>]
<../../plots/Trend_estimation/Irregular_component_ALL.png, id=200, 1445.4pt x 7
32.48656pt>
File: ../../plots/Trend_estimation/Irregular_component_ALL.png Graphic file (ty
pe png)
 <use ../../plots/Trend_estimation/Irregular_component_ALL.png>
Package pdftex.def Info: ../../plots/Trend_estimation/Irregular_component_ALL.p
ng used on input line 293.
(pdftex.def)             Requested size: 512.13914pt x 284.52856pt.

Overfull \hbox (85.34781pt too wide) in paragraph at lines 293--294
 [][] 
 []

[41 <../../plots/Trend_estimation/Deseasonalized_month_ALL.png>]
<../../plots/Trend_estimation/Irregular_component_month_ALL.png, id=204, 1927.2
pt x 976.64874pt>
File: ../../plots/Trend_estimation/Irregular_component_month_ALL.png Graphic fi
le (type png)

<use ../../plots/Trend_estimation/Irregular_component_month_ALL.png>
Package pdftex.def Info: ../../plots/Trend_estimation/Irregular_component_month
_ALL.png used on input line 301.
(pdftex.def)             Requested size: 512.1465pt x 284.53229pt.

Overfull \hbox (85.35516pt too wide) in paragraph at lines 301--302
 [][] 
 []


Underfull \vbox (badness 10000) has occurred while \output is active []

 [42 <../../plots/Trend_estimation/Irregular_component_ALL.png> <../../plots/Tr
end_estimation/Irregular_component_month_ALL.png>] [43]
Underfull \vbox (badness 10000) has occurred while \output is active []

 [44]
<../../plots/Consumption_Analysis/beta_6_3.png, id=217, 421.575pt x 316.18124pt
>
File: ../../plots/Consumption_Analysis/beta_6_3.png Graphic file (type png)
 <use ../../plots/Consumption_Analysis/beta_6_3.png>
Package pdftex.def Info: ../../plots/Consumption_Analysis/beta_6_3.png used on 
input line 346.
(pdftex.def)             Requested size: 256.07967pt x 170.72084pt.
 [45 <../../plots/Consumption_Analysis/beta_6_3.png (PNG copy)>]
<../../plots/type1.png, id=221, 421.575pt x 316.18124pt>
File: ../../plots/type1.png Graphic file (type png)

<use ../../plots/type1.png>
Package pdftex.def Info: ../../plots/type1.png used on input line 359.
(pdftex.def)             Requested size: 199.1695pt x 142.26576pt.
LaTeX Info: Redefining \anw@print on input line 360.
LaTeX Info: Redefining \anw@print on input line 360.
LaTeX Info: Redefining \anw@print on input line 360.
LaTeX Info: Redefining \anw@print on input line 360.

<../../plots/type2_1.png, id=222, 421.575pt x 316.18124pt>
File: ../../plots/type2_1.png Graphic file (type png)

<use ../../plots/type2_1.png>
Package pdftex.def Info: ../../plots/type2_1.png used on input line 364.
(pdftex.def)             Requested size: 199.1695pt x 142.26576pt.
LaTeX Info: Redefining \anw@print on input line 365.
LaTeX Info: Redefining \anw@print on input line 365.
LaTeX Info: Redefining \anw@print on input line 365.
LaTeX Info: Redefining \anw@print on input line 365.

<../../plots/type3.png, id=223, 421.575pt x 316.18124pt>
File: ../../plots/type3.png Graphic file (type png)

<use ../../plots/type3.png>
Package pdftex.def Info: ../../plots/type3.png used on input line 369.
(pdftex.def)             Requested size: 199.1695pt x 142.26576pt.
LaTeX Info: Redefining \anw@print on input line 370.
LaTeX Info: Redefining \anw@print on input line 370.
LaTeX Info: Redefining \anw@print on input line 370.
LaTeX Info: Redefining \anw@print on input line 370.

<../../plots/type4.png, id=224, 421.575pt x 316.18124pt>
File: ../../plots/type4.png Graphic file (type png)

<use ../../plots/type4.png>
Package pdftex.def Info: ../../plots/type4.png used on input line 374.
(pdftex.def)             Requested size: 199.1695pt x 142.26576pt.
LaTeX Info: Redefining \anw@print on input line 375.
LaTeX Info: Redefining \anw@print on input line 375.
LaTeX Info: Redefining \anw@print on input line 375.
LaTeX Info: Redefining \anw@print on input line 375.

Overfull \hbox (13.2647pt too wide) in paragraph at lines 358--377
[][]  []
 []


Overfull \hbox (13.2647pt too wide) in paragraph at lines 358--377
[]  [] 
 []

) [46 <../../plots/type1.png (PNG copy)> <../../plots/type2_1.png (PNG copy)> <
../../plots/type3.png (PNG copy)> <../../plots/type4.png (PNG copy)>]
\textKappa \textepsilon \textphi \acctonos \textalpha \textlambda \textalpha \t
extiota \textomicron  4.
(./chapters/chapter04.tex [47

] [48]
LaTeX Info: Redefining \anw@print on input line 83.
 [49]
Overfull \hbox (14.09485pt too wide) in paragraph at lines 91--102
 [][] 
 []

[50] [51]
Overfull \hbox (9.06897pt too wide) in paragraph at lines 143--144
\LGR/cmr/m/n/10.95 k prblh-ma gia ta mh dia-qw-rsi-ma prtu-pa. Do-jn-toc t
ou de-g-ma-toc ek-pa-deu-shc $\OMS/cmsy/m/n/10.95 f\OT1/cmr/m/n/10.95 (\OT1/c
mr/bx/n/10.95 x[]\OML/cmm/m/it/10.95 ; y[]\OT1/cmr/m/n/10.95 )\OMS/cmsy/m/n/10.
95 g[]$\LGR/cmr/m/n/10.95 ,
 []


Underfull \hbox (badness 10000) in paragraph at lines 143--144

 []

[52] [53]
<../../plots/gr_bigres_dr_intensity.png, id=252, 421.575pt x 316.18124pt>
File: ../../plots/gr_bigres_dr_intensity.png Graphic file (type png)

<use ../../plots/gr_bigres_dr_intensity.png>
Package pdftex.def Info: ../../plots/gr_bigres_dr_intensity.png used on input l
ine 197.
(pdftex.def)             Requested size: 199.1695pt x 142.26576pt.

Overfull \hbox (28.45557pt too wide) in paragraph at lines 197--198
[][] 
 []

LaTeX Info: Redefining \anw@print on input line 198.
LaTeX Info: Redefining \anw@print on input line 198.
LaTeX Info: Redefining \anw@print on input line 198.
LaTeX Info: Redefining \anw@print on input line 198.
<../../plots/gr_bigres_fpr_intensity.png, id=253, 421.575pt x 316.18124pt>
File: ../../plots/gr_bigres_fpr_intensity.png Graphic file (type png)

<use ../../plots/gr_bigres_fpr_intensity.png>
Package pdftex.def Info: ../../plots/gr_bigres_fpr_intensity.png used on input 
line 203.
(pdftex.def)             Requested size: 199.1695pt x 142.26576pt.

Overfull \hbox (28.45557pt too wide) in paragraph at lines 203--204
[][] 
 []

LaTeX Info: Redefining \anw@print on input line 204.
LaTeX Info: Redefining \anw@print on input line 204.
LaTeX Info: Redefining \anw@print on input line 204.
LaTeX Info: Redefining \anw@print on input line 204.
[54]
Underfull \hbox (badness 10000) in paragraph at lines 224--225

 []

[55 <../../plots/gr_bigres_dr_intensity.png (PNG copy)> <../../plots/gr_bigres_
fpr_intensity.png (PNG copy)>]
<../../plots/ROC50_1.png, id=261, 421.575pt x 316.18124pt>
File: ../../plots/ROC50_1.png Graphic file (type png)

<use ../../plots/ROC50_1.png>
Package pdftex.def Info: ../../plots/ROC50_1.png used on input line 231.
(pdftex.def)             Requested size: 398.34544pt x 284.546pt.

<../../plots/ROC35.png, id=262, 421.575pt x 316.18124pt>
File: ../../plots/ROC35.png Graphic file (type png)

<use ../../plots/ROC35.png>
Package pdftex.def Info: ../../plots/ROC35.png used on input line 261.
(pdftex.def)             Requested size: 398.34544pt x 284.546pt.
 [56 <../../plots/ROC50_1.png (PNG copy)>] [57 <../../plots/ROC35.png (PNG copy
)>]) [58

]
\textKappa \textepsilon \textphi \acctonos \textalpha \textlambda \textalpha \t
extiota \textomicron  5.
(./chapters/chapter05.tex [59

] [60] [61] [62]
Underfull \vbox (badness 10000) detected at line 76
 []


Underfull \vbox (badness 10000) detected at line 92
 []


Underfull \vbox (badness 10000) has occurred while \output is active []

 [63]
Underfull \vbox (badness 10000) detected at line 105
 []


Underfull \vbox (badness 10000) detected at line 117
 []


Underfull \vbox (badness 10000) detected at line 131
 []

[64]
Underfull \vbox (badness 10000) detected at line 143
 []


Underfull \vbox (badness 10000) detected at line 159
 []


Underfull \vbox (badness 10000) detected at line 171
 []


Underfull \vbox (badness 10000) detected at line 184
 []

[65]
Underfull \vbox (badness 10000) detected at line 200
 []


Underfull \vbox (badness 10000) detected at line 213
 []


Underfull \vbox (badness 10000) detected at line 225
 []

[66]
Underfull \vbox (badness 10000) detected at line 244
 []


Overfull \hbox (1.84155pt too wide) in paragraph at lines 267--267
 []\LGR/cmr/m/n/10.95 Qarakt.| 
 []


Overfull \hbox (8.46246pt too wide) in paragraph at lines 267--267
 []\OT1/cmr/m/n/10.95 Accuracy| 
 []


Underfull \vbox (badness 10000) detected at line 267
 []


Overfull \hbox (1.84155pt too wide) in paragraph at lines 283--283
 []\LGR/cmr/m/n/10.95 Qarakt.| 
 []


Overfull \hbox (8.46246pt too wide) in paragraph at lines 283--283
 []\OT1/cmr/m/n/10.95 Accuracy| 
 []


Underfull \vbox (badness 10000) detected at line 283
 []


Overfull \vbox (8.36913pt too high) has occurred while \output is active []


[67] [68] [69]
<../../plots/systems/un_supervised.png, id=309, 588.69937pt x 456.20438pt>
File: ../../plots/systems/un_supervised.png Graphic file (type png)

<use ../../plots/systems/un_supervised.png>
Package pdftex.def Info: ../../plots/systems/un_supervised.png used on input li
ne 341.
(pdftex.def)             Requested size: 256.07317pt x 170.71423pt.
 [70 <../../plots/systems/un_supervised.png>]
Underfull \vbox (badness 10000) detected at line 376
 []


Underfull \vbox (badness 10000) has occurred while \output is active []

 [71]
LaTeX Info: Redefining \anw@print on input line 383.

<../../plots/gr_bigres_dr_intensity_un_sup.png, id=317, 421.575pt x 316.18124pt
>
File: ../../plots/gr_bigres_dr_intensity_un_sup.png Graphic file (type png)
 <use ../../plots/gr_bigres_dr_intensity_un_sup.png>
Package pdftex.def Info: ../../plots/gr_bigres_dr_intensity_un_sup.png used on 
input line 388.
(pdftex.def)             Requested size: 199.1695pt x 142.26576pt.

Overfull \hbox (28.45557pt too wide) in paragraph at lines 388--389
[][] 
 []

LaTeX Info: Redefining \anw@print on input line 389.
LaTeX Info: Redefining \anw@print on input line 389.
LaTeX Info: Redefining \anw@print on input line 389.
LaTeX Info: Redefining \anw@print on input line 389.

<../../plots/gr_bigres_fpr_intensity_un_sup.png, id=318, 421.575pt x 316.18124p
t>
File: ../../plots/gr_bigres_fpr_intensity_un_sup.png Graphic file (type png)
 <use ../../plots/gr_bigres_fpr_intensity_un_sup.png>
Package pdftex.def Info: ../../plots/gr_bigres_fpr_intensity_un_sup.png used on
 input line 394.
(pdftex.def)             Requested size: 199.1695pt x 142.26576pt.

Overfull \hbox (28.45557pt too wide) in paragraph at lines 394--395
[][] 
 []

LaTeX Info: Redefining \anw@print on input line 395.
LaTeX Info: Redefining \anw@print on input line 395.
LaTeX Info: Redefining \anw@print on input line 395.
LaTeX Info: Redefining \anw@print on input line 395.
[72 <../../plots/gr_bigres_dr_intensity_un_sup.png (PNG copy)> <../../plots/gr_
bigres_fpr_intensity_un_sup.png (PNG copy)>]
Underfull \vbox (badness 10000) detected at line 417
 []

<../../plots/confident_predictions.png, id=322, 421.575pt x 316.18124pt>
File: ../../plots/confident_predictions.png Graphic file (type png)

<use ../../plots/confident_predictions.png>
Package pdftex.def Info: ../../plots/confident_predictions.png used on input li
ne 426.
(pdftex.def)             Requested size: 199.1695pt x 142.26576pt.
 [73]
<../../plots/systems/semi_supervised.png, id=327, 589.4522pt x 712.16063pt>
File: ../../plots/systems/semi_supervised.png Graphic file (type png)

<use ../../plots/systems/semi_supervised.png>
Package pdftex.def Info: ../../plots/systems/semi_supervised.png used on input 
line 435.
(pdftex.def)             Requested size: 256.07684pt x 284.52234pt.
 [74 <../../plots/confident_predictions.png (PNG copy)>] [75 <../../plots/syste
ms/semi_supervised.png>] [76]
Underfull \hbox (badness 10000) in paragraph at lines 493--494

 []

[77]
Overfull \hbox (2.54254pt too wide) in paragraph at lines 510--510
[]\LGR/cmr/bx/n/12 Exerenhsh lo-gi-kn prxe-wn sta hmi-epiblepmena su-stma-

 []


Underfull \vbox (badness 10000) detected at line 523
 []


Underfull \vbox (badness 10000) detected at line 537
 []

[78]
Overfull \hbox (6.45265pt too wide) in paragraph at lines 540--540
[]\LGR/cmr/bx/n/12 Exerenhsh su-sta-do-poi-se-wn sta hmi-epiblepmena su-stm
a-
 []


Underfull \vbox (badness 10000) detected at line 558
 []


Underfull \vbox (badness 10000) detected at line 576
 []


Overfull \hbox (1.76497pt too wide) in paragraph at lines 578--578
[]\LGR/cmr/bx/n/12 Exerenhsh me-w-shc di-sta-shc stouc hmi-epiblepmenouc al
-
 []


Underfull \vbox (badness 1173) has occurred while \output is active []

 [79]
<../../plots/gr_class_semi_sup.png, id=348, 1445.4pt x 732.48656pt>
File: ../../plots/gr_class_semi_sup.png Graphic file (type png)

<use ../../plots/gr_class_semi_sup.png>
Package pdftex.def Info: ../../plots/gr_class_semi_sup.png used on input line 5
82.
(pdftex.def)             Requested size: 455.23724pt x 284.52856pt.

Overfull \hbox (28.4459pt too wide) in paragraph at lines 582--583
[][] 
 []

[80 <../../plots/gr_class_semi_sup.png (PNG copy)>]
LaTeX Info: Redefining \anw@print on input line 587.
LaTeX Info: Redefining \anw@print on input line 587.
 [81]
<../../plots/gr_threshold_semi_sup_1.png, id=355, 1445.4pt x 732.48656pt>
File: ../../plots/gr_threshold_semi_sup_1.png Graphic file (type png)

<use ../../plots/gr_threshold_semi_sup_1.png>
Package pdftex.def Info: ../../plots/gr_threshold_semi_sup_1.png used on input 
line 592.
(pdftex.def)             Requested size: 455.23724pt x 284.52856pt.

Overfull \hbox (284.52332pt too wide) in paragraph at lines 592--593
[][] 
 []

LaTeX Info: Redefining \anw@print on input line 593.
LaTeX Info: Redefining \anw@print on input line 593.
LaTeX Info: Redefining \anw@print on input line 593.
LaTeX Info: Redefining \anw@print on input line 593.
<../../plots/gr_threshold_semi_sup_2.png, id=356, 1445.4pt x 732.48656pt>
File: ../../plots/gr_threshold_semi_sup_2.png Graphic file (type png)

<use ../../plots/gr_threshold_semi_sup_2.png>
Package pdftex.def Info: ../../plots/gr_threshold_semi_sup_2.png used on input 
line 598.
(pdftex.def)             Requested size: 455.23724pt x 284.52856pt.

Overfull \hbox (284.52332pt too wide) in paragraph at lines 598--599
[][] 
 []

LaTeX Info: Redefining \anw@print on input line 599.
LaTeX Info: Redefining \anw@print on input line 599.
LaTeX Info: Redefining \anw@print on input line 599.
LaTeX Info: Redefining \anw@print on input line 599.

Underfull \vbox (badness 10000) detected at line 621
 []

<../../plots/gr_dr_intensity_semi_sup1.png, id=357, 421.575pt x 316.18124pt>
File: ../../plots/gr_dr_intensity_semi_sup1.png Graphic file (type png)

<use ../../plots/gr_dr_intensity_semi_sup1.png>
Package pdftex.def Info: ../../plots/gr_dr_intensity_semi_sup1.png used on inpu
t line 631.
(pdftex.def)             Requested size: 199.1695pt x 142.26576pt.

Overfull \hbox (28.45557pt too wide) in paragraph at lines 631--632
[][] 
 []

LaTeX Info: Redefining \anw@print on input line 632.
LaTeX Info: Redefining \anw@print on input line 632.
LaTeX Info: Redefining \anw@print on input line 632.
LaTeX Info: Redefining \anw@print on input line 632.
<../../plots/gr_fpr_intensity_semi_sup1.png, id=358, 421.575pt x 316.18124pt>
File: ../../plots/gr_fpr_intensity_semi_sup1.png Graphic file (type png)

<use ../../plots/gr_fpr_intensity_semi_sup1.png>
Package pdftex.def Info: ../../plots/gr_fpr_intensity_semi_sup1.png used on inp
ut line 637.
(pdftex.def)             Requested size: 199.1695pt x 142.26576pt.

Overfull \hbox (28.45557pt too wide) in paragraph at lines 637--638
[][] 
 []

LaTeX Info: Redefining \anw@print on input line 638.
LaTeX Info: Redefining \anw@print on input line 638.
LaTeX Info: Redefining \anw@print on input line 638.
LaTeX Info: Redefining \anw@print on input line 638.
<../../plots/gr_dr_intensity_semi_sup2.png, id=359, 421.575pt x 316.18124pt>
File: ../../plots/gr_dr_intensity_semi_sup2.png Graphic file (type png)

<use ../../plots/gr_dr_intensity_semi_sup2.png>
Package pdftex.def Info: ../../plots/gr_dr_intensity_semi_sup2.png used on inpu
t line 643.
(pdftex.def)             Requested size: 199.1695pt x 142.26576pt.

Overfull \hbox (28.45557pt too wide) in paragraph at lines 643--644
[][] 
 []

LaTeX Info: Redefining \anw@print on input line 644.
LaTeX Info: Redefining \anw@print on input line 644.
LaTeX Info: Redefining \anw@print on input line 644.
LaTeX Info: Redefining \anw@print on input line 644.
<../../plots/gr_fpr_intensity_semi_sup2.png, id=360, 421.575pt x 316.18124pt>
File: ../../plots/gr_fpr_intensity_semi_sup2.png Graphic file (type png)

<use ../../plots/gr_fpr_intensity_semi_sup2.png>
Package pdftex.def Info: ../../plots/gr_fpr_intensity_semi_sup2.png used on inp
ut line 649.
(pdftex.def)             Requested size: 199.1695pt x 142.26576pt.

Overfull \hbox (28.45557pt too wide) in paragraph at lines 649--650
[][] 
 []

LaTeX Info: Redefining \anw@print on input line 650.
LaTeX Info: Redefining \anw@print on input line 650.
LaTeX Info: Redefining \anw@print on input line 650.
LaTeX Info: Redefining \anw@print on input line 650.
[82

]
Overfull \hbox (5.9649pt too wide) in paragraph at lines 659--659
[]\LGR/cmr/m/n/10.95 Sto pa-rn ke-flaio gi-ne mia die-xo-di-k a-na-zth-sh 
mh-epiblepmenwn kai hmi-epiblepmenwn
 []

) [83] [84 <../../plots/gr_threshold_semi_sup_1.png (PNG copy)> <../../plots/gr
_threshold_semi_sup_2.png (PNG copy)>] [85 <../../plots/gr_dr_intensity_semi_su
p1.png (PNG copy)> <../../plots/gr_fpr_intensity_semi_sup1.png (PNG copy)> <../
../plots/gr_dr_intensity_semi_sup2.png (PNG copy)> <../../plots/gr_fpr_intensit
y_semi_sup2.png (PNG copy)>] [86

]
\textKappa \textepsilon \textphi \acctonos \textalpha \textlambda \textalpha \t
extiota \textomicron  6.
(./chapters/chapter06.tex [87] [88] [89]) [90]
\textKappa \textepsilon \textphi \acctonos \textalpha \textlambda \textalpha \t
extiota \textomicron  7.
(./chapters/chapter07.tex [91

]
Underfull \vbox (badness 10000) detected at line 21
 []

<../../plots/comparison_systems.png, id=393, 421.575pt x 316.18124pt>
File: ../../plots/comparison_systems.png Graphic file (type png)

<use ../../plots/comparison_systems.png>
Package pdftex.def Info: ../../plots/comparison_systems.png used on input line 
28.
(pdftex.def)             Requested size: 256.07967pt x 170.72084pt.
 [92 <../../plots/comparison_systems.png (PNG copy)>] [93]) [94] (./main.bbl [9
5


] [96]) [97] [98

]
\textPi \textalpha \textrho \acctonos \textalpha \textrho \texttau \texteta \te
xtmu \textalpha  \MakeUppercase {\textalpha \anw@true \anw@print \relax }.
LaTeX Info: Redefining \anw@print on input line 180.
(./chapters/appendixA.tex
LaTeX Info: Redefining \anw@print on input line 24.
LaTeX Info: Redefining \anw@print on input line 24.
LaTeX Info: Redefining \anw@print on input line 24.
LaTeX Info: Redefining \anw@print on input line 24.
LaTeX Info: Redefining \anw@print on input line 51.
LaTeX Info: Redefining \anw@print on input line 51.
LaTeX Info: Redefining \anw@print on input line 51.
LaTeX Info: Redefining \anw@print on input line 51.
LaTeX Info: Redefining \anw@print on input line 78.
LaTeX Info: Redefining \anw@print on input line 78.
LaTeX Info: Redefining \anw@print on input line 78.
LaTeX Info: Redefining \anw@print on input line 78.
LaTeX Info: Redefining \anw@print on input line 105.
LaTeX Info: Redefining \anw@print on input line 105.
LaTeX Info: Redefining \anw@print on input line 105.
LaTeX Info: Redefining \anw@print on input line 105.
LaTeX Info: Redefining \anw@print on input line 132.
LaTeX Info: Redefining \anw@print on input line 132.
LaTeX Info: Redefining \anw@print on input line 132.
LaTeX Info: Redefining \anw@print on input line 132.
LaTeX Info: Redefining \anw@print on input line 159.
LaTeX Info: Redefining \anw@print on input line 159.
LaTeX Info: Redefining \anw@print on input line 159.
LaTeX Info: Redefining \anw@print on input line 159.
LaTeX Info: Redefining \anw@print on input line 187.
LaTeX Info: Redefining \anw@print on input line 187.
LaTeX Info: Redefining \anw@print on input line 187.
LaTeX Info: Redefining \anw@print on input line 187.
) [99]
LaTeX Info: Redefining \anw@print on input line 186.
 [100] [101]
\openout2 = `glossary.aux'.

 (./glossary.tex [102


]) [103]
[104


]
No file main.ind.
[105] (./main.aux (./abstract.aux) (./glossary.aux))

LaTeX Warning: There were multiply-defined labels.

 ) 
Here is how much of TeX's memory you used:
 8941 strings out of 493304
 132147 string characters out of 6139871
 218790 words of memory out of 5000000
 12049 multiletter control sequences out of 15000+600000
 27788 words of font info for 66 fonts, out of 8000000 for 9000
 959 hyphenation exceptions out of 8191
 42i,12n,47p,2511b,651s stack positions out of 5000i,500n,10000p,200000b,80000s
{/usr/share/texmf/fonts/enc/dvips/cm-super/cm-super-ts1.enc}</usr/share/texli
ve/texmf-dist/fonts/type1/public/amsfonts/cm/cmbx10.pfb></usr/share/texlive/tex
mf-dist/fonts/type1/public/amsfonts/cm/cmbx12.pfb></usr/share/texlive/texmf-dis
t/fonts/type1/public/amsfonts/cm/cmbx6.pfb></usr/share/texlive/texmf-dist/fonts
/type1/public/amsfonts/cm/cmbx8.pfb></usr/share/texlive/texmf-dist/fonts/type1/
public/amsfonts/cm/cmex10.pfb></usr/share/texlive/texmf-dist/fonts/type1/public
/amsfonts/cmextra/cmex8.pfb></usr/share/texlive/texmf-dist/fonts/type1/public/a
msfonts/cm/cmmi10.pfb></usr/share/texlive/texmf-dist/fonts/type1/public/amsfont
s/cm/cmmi6.pfb></usr/share/texlive/texmf-dist/fonts/type1/public/amsfonts/cm/cm
mi8.pfb></usr/share/texlive/texmf-dist/fonts/type1/public/amsfonts/cm/cmr10.pfb
></usr/share/texlive/texmf-dist/fonts/type1/public/amsfonts/cm/cmr12.pfb></usr/
share/texlive/texmf-dist/fonts/type1/public/amsfonts/cm/cmr6.pfb></usr/share/te
xlive/texmf-dist/fonts/type1/public/amsfonts/cm/cmr8.pfb></usr/share/texlive/te
xmf-dist/fonts/type1/public/amsfonts/cm/cmsy10.pfb></usr/share/texlive/texmf-di
st/fonts/type1/public/amsfonts/cm/cmsy6.pfb></usr/share/texlive/texmf-dist/font
s/type1/public/amsfonts/cm/cmsy8.pfb></usr/share/texlive/texmf-dist/fonts/type1
/public/amsfonts/cm/cmti10.pfb></usr/share/texlive/texmf-dist/fonts/type1/publi
c/cbfonts/grmc1095.pfb></usr/share/texlive/texmf-dist/fonts/type1/public/cbfont
s/grmc1200.pfb></usr/share/texlive/texmf-dist/fonts/type1/public/cbfonts/grmc20
74.pfb></usr/share/texlive/texmf-dist/fonts/type1/public/cbfonts/grmi1095.pfb><
/usr/share/texlive/texmf-dist/fonts/type1/public/cbfonts/grmn1000.pfb></usr/sha
re/texlive/texmf-dist/fonts/type1/public/cbfonts/grmn1095.pfb></usr/share/texli
ve/texmf-dist/fonts/type1/public/cbfonts/grmn1200.pfb></usr/share/texlive/texmf
-dist/fonts/type1/public/cbfonts/grmo1095.pfb></usr/share/texlive/texmf-dist/fo
nts/type1/public/cbfonts/grxc1200.pfb></usr/share/texlive/texmf-dist/fonts/type
1/public/cbfonts/grxn1095.pfb></usr/share/texlive/texmf-dist/fonts/type1/public
/cbfonts/grxn1200.pfb></usr/share/texlive/texmf-dist/fonts/type1/public/cbfonts
/grxn1440.pfb></usr/share/texlive/texmf-dist/fonts/type1/public/cbfonts/grxn172
8.pfb></usr/share/texlive/texmf-dist/fonts/type1/public/cbfonts/grxn2074.pfb></
usr/share/texlive/texmf-dist/fonts/type1/public/cbfonts/grxn2488.pfb></usr/shar
e/texlive/texmf-dist/fonts/type1/public/amsfonts/symbols/msbm10.pfb></usr/share
/texmf/fonts/type1/public/cm-super/sfrm1095.pfb></usr/share/texmf/fonts/type1/p
ublic/cm-super/sfrm1200.pfb>
Output written on main.pdf (111 pages, 2609236 bytes).
PDF statistics:
 554 PDF objects out of 1000 (max. 8388607)
 356 compressed objects within 4 object streams
 0 named destinations out of 1000 (max. 500000)
 206 words of extra memory for PDF output out of 10000 (max. 10000000)

