\BOOKMARK [0][-]{section*.2}{List\040of\040Figures}{}% 1
\BOOKMARK [0][-]{section*.3}{List\040of\040Tables}{}% 2
\BOOKMARK [0][-]{chapter*.4}{List\040of\040Acronyms}{}% 3
\BOOKMARK [0][-]{chapter.1}{Introduction}{}% 4
\BOOKMARK [1][-]{section.1.1}{Todays'\040Security\040Threats}{chapter.1}% 5
\BOOKMARK [2][-]{subsection.1.1.1}{The\040Role\040of\040Intrusion\040Detection}{section.1.1}% 6
\BOOKMARK [1][-]{section.1.2}{Original\040Contributions}{chapter.1}% 7
\BOOKMARK [2][-]{subsection.1.2.1}{Host-based\040Anomaly\040Detection}{section.1.2}% 8
\BOOKMARK [2][-]{subsection.1.2.2}{Web-based\040Anomaly\040Detection}{section.1.2}% 9
\BOOKMARK [2][-]{subsection.1.2.3}{Alert\040Correlation}{section.1.2}% 10
\BOOKMARK [0][-]{chapter.2}{A\040Chapter\040of\040Examples}{}% 11
\BOOKMARK [1][-]{section.2.1}{A\040Table}{chapter.2}% 12
\BOOKMARK [1][-]{section.2.2}{Code}{chapter.2}% 13
\BOOKMARK [1][-]{section.2.3}{A\040Sideways\040Table}{chapter.2}% 14
\BOOKMARK [1][-]{section.2.4}{A\040Figure}{chapter.2}% 15
\BOOKMARK [1][-]{section.2.5}{Bulleted\040List}{chapter.2}% 16
\BOOKMARK [1][-]{section.2.6}{Numbered\040List}{chapter.2}% 17
\BOOKMARK [1][-]{section.2.7}{A\040Description}{chapter.2}% 18
\BOOKMARK [1][-]{section.2.8}{An\040Equation}{chapter.2}% 19
\BOOKMARK [1][-]{section.2.9}{A\040Theorem,\040Proposition\040&\040Proof}{chapter.2}% 20
\BOOKMARK [1][-]{section.2.10}{Definition}{chapter.2}% 21
\BOOKMARK [1][-]{section.2.11}{A\040Remark}{chapter.2}% 22
\BOOKMARK [1][-]{section.2.12}{An\040Example}{chapter.2}% 23
\BOOKMARK [1][-]{section.2.13}{Note}{chapter.2}% 24
