\BOOKMARK [1][-]{Dedication.1}{Dedication}{}% 1
\BOOKMARK [1][-]{Abstract.1}{Abstract}{}% 2
\BOOKMARK [1][-]{Publications.1}{Publications}{}% 3
\BOOKMARK [1][-]{Acknowledgements.1}{Acknowledgements}{}% 4
\BOOKMARK [1][-]{tableofcontents.1}{Contents}{}% 5
\BOOKMARK [1][-]{lof.1}{List\040of\040Figures}{}% 6
\BOOKMARK [1][-]{lot.1}{List\040of\040Tables}{}% 7
\BOOKMARK [1][-]{lol.1}{Listings}{}% 8
\BOOKMARK [1][-]{acronyms.1}{Acronyms}{}% 9
\BOOKMARK [-1][]{part.1}{Some\040Kind\040of\040Manual}{}% 10
\BOOKMARK [0][]{chapter.1}{1\040Introduction}{part.1}% 11
\BOOKMARK [1][-]{section.1.1}{1.1\040Organization}{chapter.1}% 12
\BOOKMARK [1][-]{section.1.2}{1.2\040Style\040Options}{chapter.1}% 13
\BOOKMARK [1][-]{section.1.3}{1.3\040Customization}{chapter.1}% 14
\BOOKMARK [1][-]{section.1.4}{1.4\040Issues}{chapter.1}% 15
\BOOKMARK [1][-]{section.1.5}{1.5\040Future\040Work}{chapter.1}% 16
\BOOKMARK [1][-]{section.1.6}{1.6\040Beyond\040a\040Thesis}{chapter.1}% 17
\BOOKMARK [1][-]{section.1.7}{1.7\040License}{chapter.1}% 18
\BOOKMARK [-1][]{part.2}{The\040Showcase}{}% 19
\BOOKMARK [0][]{chapter.2}{2\040Examples}{part.2}% 20
\BOOKMARK [1][-]{section.2.1}{2.1\040A\040New\040Section}{chapter.2}% 21
\BOOKMARK [2][-]{subsection.2.1.1}{2.1.1\040Test\040for\040a\040Subsection}{section.2.1}% 22
\BOOKMARK [2][-]{subsection.2.1.2}{2.1.2\040Autem\040Timeam}{section.2.1}% 23
\BOOKMARK [1][-]{section.2.2}{2.2\040Another\040Section\040in\040This\040Chapter}{chapter.2}% 24
\BOOKMARK [2][-]{subsection.2.2.1}{2.2.1\040Personas\040Initialmente}{section.2.2}% 25
\BOOKMARK [2][-]{subsection.2.2.2}{2.2.2\040Figure\040Citations}{section.2.2}% 26
\BOOKMARK [0][]{chapter.3}{3\040Math\040Test\040Chapter}{part.2}% 27
\BOOKMARK [1][-]{section.3.1}{3.1\040Some\040Formulas}{chapter.3}% 28
\BOOKMARK [1][-]{section.3.2}{3.2\040Various\040Mathematical\040Examples}{chapter.3}% 29
\BOOKMARK [-1][]{part.3}{Appendix}{}% 30
\BOOKMARK [0][]{appendix.A}{A\040Appendix\040Test}{part.3}% 31
\BOOKMARK [1][-]{section.A.1}{A.1\040Appendix\040Section\040Test}{appendix.A}% 32
\BOOKMARK [1][-]{section.A.2}{A.2\040Another\040Appendix\040Section\040Test}{appendix.A}% 33
\BOOKMARK [0][]{dummy.7}{Bibliography}{part.3}% 34
\BOOKMARK [0][]{declaration.0}{Declaration}{part.3}% 35
\BOOKMARK [0][]{colophon.0}{Colophon}{part.3}% 36
